--------------- Build Started: 02/14/2019 11:56:59 Project: Design01, Configuration: ARM GCC 5.4-2016-q2-update Debug ---------------
cydsfit.exe -.appdatapath "C:\Users\jefer\AppData\Local\Cypress Semiconductor\PSoC Creator\4.2" -.fdsnotice -.fdswarpdepfile=warp_dependencies.txt -.fdselabdepfile=elab_dependencies.txt -.fdsbldfile=generated_files.txt -.fdsreffile=referenced_files.txt -p "C:\Users\jefer\OneDrive\Documentos\PSoC Creator\modulo_bluetooht\Design01.cydsn\Design01.cyprj" -d CY8C5888LTI-LP097 -s "C:\Users\jefer\OneDrive\Documentos\PSoC Creator\modulo_bluetooht\Design01.cydsn\Generated_Source\PSoC5" -- -yv2 -q10 -ygs -o2 -v3 -.fftcfgtype=LE
Elaborating Design...
HDL Generation...
Synthesis...
Tech Mapping...
Analog Placement...
Log: apr.M0058: The analog placement iterative improvement is 51% done. (App=cydsfit)
Analog Routing...
Analog Code Generation...
Digital Placement...
Digital Routing...
Bitstream Generation...
Bitstream Verification...
Static timing analysis...
API Generation...
Dependency Generation...
Cleanup...
arm-none-eabi-gcc.exe -mcpu=cortex-m3 -mthumb -I..\emFile_V322c\Code\Include\PSoC5\emf32nOS -I..\emFile_V322c\Code\Include\PSoC5 -I. -IGenerated_Source\PSoC5 -Wa,-alh=.\CortexM3\ARM_GCC_541\Debug/main.lst -g -D DEBUG -D CY_CORE_ID=0 -Wall -ffunction-sections -ffat-lto-objects -Og -c main.c -o .\CortexM3\ARM_GCC_541\Debug\main.o
main.c: In function 'Termino':
main.c:107:19: warning: array subscript has type 'char' [-Wchar-subscripts]
         while(file[j]!='.'){
                   ^
main.c:108:25: warning: array subscript has type 'char' [-Wchar-subscripts]
         LCD_PutChar(file[j]);
                         ^
main.c: In function 'InterrupRx':
main.c:231:23: warning: array subscript has type 'char' [-Wchar-subscripts]
             while(file[j]!='.'){
                       ^
main.c:232:29: warning: array subscript has type 'char' [-Wchar-subscripts]
             LCD_PutChar(file[j]);
                             ^
main.c:244:23: warning: array subscript has type 'char' [-Wchar-subscripts]
             while(file[j]!='.'){
                       ^
main.c:245:29: warning: array subscript has type 'char' [-Wchar-subscripts]
             LCD_PutChar(file[j]);
                             ^
arm-none-eabi-gcc.exe -mcpu=cortex-m3 -mthumb -I..\emFile_V322c\Code\Include\PSoC5\emf32nOS -I..\emFile_V322c\Code\Include\PSoC5 -I. -IGenerated_Source\PSoC5 -Wa,-alh=.\CortexM3\ARM_GCC_541\Debug/cyfitter_cfg.lst -g -D DEBUG -D CY_CORE_ID=0 -Wall -ffunction-sections -ffat-lto-objects -Og -c Generated_Source\PSoC5\cyfitter_cfg.c -o .\CortexM3\ARM_GCC_541\Debug\cyfitter_cfg.o
arm-none-eabi-gcc.exe -mcpu=cortex-m3 -mthumb -I..\emFile_V322c\Code\Include\PSoC5\emf32nOS -I..\emFile_V322c\Code\Include\PSoC5 -I. -IGenerated_Source\PSoC5 -Wa,-alh=.\CortexM3\ARM_GCC_541\Debug/cymetadata.lst -g -D DEBUG -D CY_CORE_ID=0 -Wall -ffunction-sections -ffat-lto-objects -Og -c Generated_Source\PSoC5\cymetadata.c -o .\CortexM3\ARM_GCC_541\Debug\cymetadata.o
arm-none-eabi-ar.exe -rs .\CortexM3\ARM_GCC_541\Debug\Design01.a .\CortexM3\ARM_GCC_541\Debug\UART.o .\CortexM3\ARM_GCC_541\Debug\UART_PM.o .\CortexM3\ARM_GCC_541\Debug\UART_INT.o .\CortexM3\ARM_GCC_541\Debug\UART_BOOT.o .\CortexM3\ARM_GCC_541\Debug\LCD.o .\CortexM3\ARM_GCC_541\Debug\LCD_PM.o .\CortexM3\ARM_GCC_541\Debug\UART_IntClock.o .\CortexM3\ARM_GCC_541\Debug\LCD_LCDPort.o .\CortexM3\ARM_GCC_541\Debug\CyDmac.o .\CortexM3\ARM_GCC_541\Debug\CyFlash.o .\CortexM3\ARM_GCC_541\Debug\CyLib.o .\CortexM3\ARM_GCC_541\Debug\cyPm.o .\CortexM3\ARM_GCC_541\Debug\CySpc.o .\CortexM3\ARM_GCC_541\Debug\cyutils.o .\CortexM3\ARM_GCC_541\Debug\cy_em_eeprom.o .\CortexM3\ARM_GCC_541\Debug\isrRX.o .\CortexM3\ARM_GCC_541\Debug\emFile_ConfigMMC_SPI.o .\CortexM3\ARM_GCC_541\Debug\emFile_MMC_HW_SPI.o .\CortexM3\ARM_GCC_541\Debug\emFile_PM.o .\CortexM3\ARM_GCC_541\Debug\emFile_SPI0.o .\CortexM3\ARM_GCC_541\Debug\emFile_SPI0_PM.o .\CortexM3\ARM_GCC_541\Debug\emFile_SPI0_INT.o .\CortexM3\ARM_GCC_541\Debug\emFile_mosi0.o .\CortexM3\ARM_GCC_541\Debug\emFile_Clock_1.o .\CortexM3\ARM_GCC_541\Debug\emFile_miso0.o .\CortexM3\ARM_GCC_541\Debug\emFile_sclk0.o .\CortexM3\ARM_GCC_541\Debug\emFile_SPI0_CS.o .\CortexM3\ARM_GCC_541\Debug\ADC.o .\CortexM3\ARM_GCC_541\Debug\ADC_INT.o .\CortexM3\ARM_GCC_541\Debug\ADC_PM.o .\CortexM3\ARM_GCC_541\Debug\ADC_IRQ.o .\CortexM3\ARM_GCC_541\Debug\ADC_theACLK.o .\CortexM3\ARM_GCC_541\Debug\Pin_ADC.o .\CortexM3\ARM_GCC_541\Debug\Clock_1.o .\CortexM3\ARM_GCC_541\Debug\Clock_2.o .\CortexM3\ARM_GCC_541\Debug\isr_1.o .\CortexM3\ARM_GCC_541\Debug\PWM.o .\CortexM3\ARM_GCC_541\Debug\PWM_PM.o .\CortexM3\ARM_GCC_541\Debug\Counter.o .\CortexM3\ARM_GCC_541\Debug\Counter_PM.o .\CortexM3\ARM_GCC_541\Debug\foto_transistor.o .\CortexM3\ARM_GCC_541\Debug\ADC2.o .\CortexM3\ARM_GCC_541\Debug\ADC2_INT.o .\CortexM3\ARM_GCC_541\Debug\ADC2_PM.o .\CortexM3\ARM_GCC_541\Debug\Pin_ADC2.o .\CortexM3\ARM_GCC_541\Debug\ADC2_IRQ.o .\CortexM3\ARM_GCC_541\Debug\ADC2_theACLK.o .\CortexM3\ARM_GCC_541\Debug\CyBootAsmGnu.o
arm-none-eabi-ar.exe: creating .\CortexM3\ARM_GCC_541\Debug\Design01.a
arm-none-eabi-gcc.exe -Wl,--start-group -o "C:\Users\jefer\OneDrive\Documentos\PSoC Creator\modulo_bluetooht\Design01.cydsn\CortexM3\ARM_GCC_541\Debug\Design01.elf" .\CortexM3\ARM_GCC_541\Debug\main.o .\CortexM3\ARM_GCC_541\Debug\cyfitter_cfg.o .\CortexM3\ARM_GCC_541\Debug\cymetadata.o .\CortexM3\ARM_GCC_541\Debug\Cm3Start.o .\CortexM3\ARM_GCC_541\Debug\Design01.a "C:\Program Files (x86)\Cypress\PSoC Creator\4.2\PSoC Creator\psoc\content\cycomponentlibrary\CyComponentLibrary.cylib\CortexM3\ARM_GCC_541\Debug\CyComponentLibrary.a" -mcpu=cortex-m3 -mthumb -l emf32nosnlfn -L Generated_Source\PSoC5 -L ..\emFile_V322c\LinkLibrary\PSoC5\GCC -Wl,-Map,.\CortexM3\ARM_GCC_541\Debug/Design01.map -T Generated_Source\PSoC5\cm3gcc.ld -specs=nano.specs -Wl,--gc-sections -g -ffunction-sections -Og -ffat-lto-objects -Wl,--end-group
cyelftool.exe -C "C:\Users\jefer\OneDrive\Documentos\PSoC Creator\modulo_bluetooht\Design01.cydsn\CortexM3\ARM_GCC_541\Debug\Design01.elf" --flash_row_size 256 --flash_size 262144 --flash_offset 0x00000000
No ELF section .cychecksum found, creating one
Application checksum calculated and stored in ELF section .cychecksum
Checksum calculated and stored in ELF section .cymeta
cyelftool.exe -S "C:\Users\jefer\OneDrive\Documentos\PSoC Creator\modulo_bluetooht\Design01.cydsn\CortexM3\ARM_GCC_541\Debug\Design01.elf"
Flash used: 21872 of 262144 bytes (8,3 %).
SRAM used: 7153 of 65536 bytes (10,9 %). Stack: 2048 bytes. Heap: 128 bytes.
--------------- Build Succeeded: 02/14/2019 11:57:29 ---------------
