--------------- Build Started: 02/06/2019 16:26:10 Project: Design01, Configuration: ARM GCC 5.4-2016-q2-update Debug ---------------
cydsfit.exe -.appdatapath "C:\Users\jefer\AppData\Local\Cypress Semiconductor\PSoC Creator\4.2" -.fdsnotice -.fdswarpdepfile=warp_dependencies.txt -.fdselabdepfile=elab_dependencies.txt -.fdsbldfile=generated_files.txt -.fdsreffile=referenced_files.txt -p "C:\Users\jefer\OneDrive\Documentos\PSoC Creator\modulo_bluetooht\Design01.cydsn\Design01.cyprj" -d CY8C5888LTI-LP097 -s "C:\Users\jefer\OneDrive\Documentos\PSoC Creator\modulo_bluetooht\Design01.cydsn\Generated_Source\PSoC5" -- -yv2 -q10 -ygs -o2 -v3 -.fftcfgtype=LE
Elaborating Design...
ADD: sdb.M0065: information: Analog terminal "ADC.vplus" on TopDesign is unconnected.
 * C:\Users\jefer\OneDrive\Documentos\PSoC Creator\modulo_bluetooht\Design01.cydsn\TopDesign\TopDesign.cysch (Signal: Net_60)
 * C:\Users\jefer\OneDrive\Documentos\PSoC Creator\modulo_bluetooht\Design01.cydsn\TopDesign\TopDesign.cysch (Shape_32.2)
HDL Generation...
Synthesis...
Tech Mapping...
Analog Placement...
Info: apr.M0002: Analog signal "Net_60" is connected to one terminal only. (App=cydsfit)
Log: apr.M0058: The analog placement iterative improvement is 91% done. (App=cydsfit)
Analog Routing...
Analog Code Generation...
Digital Placement...
Digital Routing...
Bitstream Generation...
Bitstream Verification...
Static timing analysis...
API Generation...
Dependency Generation...
Cleanup...
--------------- Build Succeeded: 02/06/2019 16:26:34 ---------------
