--------------- Rebuild Started: 02/13/2019 14:40:07 Project: main.c, Configuration: ARM GCC 5.4-2016-q2-update Debug ---------------
arm-none-eabi-gcc.exe -mcpu=cortex-m3 -mthumb -I..\emFile_V322c\Code\Include\PSoC5\emf32nOS -I..\emFile_V322c\Code\Include\PSoC5 -I. -IGenerated_Source\PSoC5 -Wa,-alh=.\CortexM3\ARM_GCC_541\Debug/main.lst -g -D DEBUG -D CY_CORE_ID=0 -Wall -ffunction-sections -ffat-lto-objects -Og -c main.c -o .\CortexM3\ARM_GCC_541\Debug\main.o
main.c: In function 'WriteHead':
main.c:48:17: warning: passing argument 1 of 'sprintf' discards 'volatile' qualifier from pointer target type [-Wdiscarded-qualifiers]
         sprintf(file,"DATOS%d.txt",i);
                 ^
In file included from c:\program files (x86)\cypress\psoc creator\4.2\psoc creator\import\gnu\arm\5.4.1\arm-none-eabi\include\string.h:10:0,
                 from Generated_Source\PSoC5/CyLib.h:22,
                 from Generated_Source\PSoC5/UART.h:24,
                 from Generated_Source\PSoC5/project.h:22,
                 from main.c:11:
c:\program files (x86)\cypress\psoc creator\4.2\psoc creator\import\gnu\arm\5.4.1\arm-none-eabi\include\stdio.h:231:5: note: expected 'char * restrict' but argument is of type 'volatile char *'
 int _EXFUN(sprintf, (char *__restrict, const char *__restrict, ...)
     ^
main.c:49:26: warning: passing argument 1 of 'FS_FOpen' discards 'volatile' qualifier from pointer target type [-Wdiscarded-qualifiers]
         pFile = FS_FOpen(file,"r");//Intenta abrir el archivo, si puede permanece en el while
                          ^
In file included from main.c:13:0:
..\emFile_V322c\Code\Include\PSoC5/FS.h:314:18: note: expected 'const char *' but argument is of type 'volatile char *'
 FS_FILE *        FS_FOpen (const char * pFileName, const char * pMode);
                  ^
main.c:52:22: warning: passing argument 1 of 'FS_FOpen' discards 'volatile' qualifier from pointer target type [-Wdiscarded-qualifiers]
     pFile = FS_FOpen(file,"a");// Crea el nuevo archivo
                      ^
In file included from main.c:13:0:
..\emFile_V322c\Code\Include\PSoC5/FS.h:314:18: note: expected 'const char *' but argument is of type 'volatile char *'
 FS_FILE *        FS_FOpen (const char * pFileName, const char * pMode);
                  ^
main.c: In function 'ReadSD':
main.c:74:22: warning: passing argument 1 of 'FS_FOpen' discards 'volatile' qualifier from pointer target type [-Wdiscarded-qualifiers]
     pFile = FS_FOpen(file,"r");
                      ^
In file included from main.c:13:0:
..\emFile_V322c\Code\Include\PSoC5/FS.h:314:18: note: expected 'const char *' but argument is of type 'volatile char *'
 FS_FILE *        FS_FOpen (const char * pFileName, const char * pMode);
                  ^
main.c: In function 'InterrupRx':
main.c:169:24: warning: passing argument 1 of 'FS_Remove' discards 'volatile' qualifier from pointer target type [-Wdiscarded-qualifiers]
             FS_Remove (file);//Borra el ultimo archivo
                        ^
In file included from main.c:13:0:
..\emFile_V322c\Code\Include\PSoC5/FS.h:353:18: note: expected 'const char *' but argument is of type 'volatile char *'
 int              FS_Remove     (const char * pFileName);
                  ^
main.c: In function 'main':
main.c:267:26: warning: passing argument 1 of 'FS_FOpen' discards 'volatile' qualifier from pointer target type [-Wdiscarded-qualifiers]
                 FS_FOpen(file, "a");
                          ^
In file included from main.c:13:0:
..\emFile_V322c\Code\Include\PSoC5/FS.h:314:18: note: expected 'const char *' but argument is of type 'volatile char *'
 FS_FILE *        FS_FOpen (const char * pFileName, const char * pMode);
                  ^
main.c:281:31: warning: array subscript has type 'char' [-Wchar-subscripts]
                     while(file[j]!='.'){
                               ^
main.c:282:37: warning: array subscript has type 'char' [-Wchar-subscripts]
                     LCD_PutChar(file[j]);
                                     ^
--------------- Rebuild Succeeded: 02/13/2019 14:40:15 ---------------
