ARM GAS  C:\Users\nikod\AppData\Local\Temp\ccIHNTGV.s 			page 1


   1              		.syntax unified
   2              		.cpu cortex-m3
   3              		.fpu softvfp
   4              		.eabi_attribute 20, 1
   5              		.eabi_attribute 21, 1
   6              		.eabi_attribute 23, 3
   7              		.eabi_attribute 24, 1
   8              		.eabi_attribute 25, 1
   9              		.eabi_attribute 26, 1
  10              		.eabi_attribute 30, 1
  11              		.eabi_attribute 34, 1
  12              		.eabi_attribute 18, 4
  13              		.thumb
  14              		.syntax unified
  15              		.file	"cymetadata.c"
  16              		.text
  17              	.Ltext0:
  18              		.cfi_sections	.debug_frame
  19              		.global	cy_metadata
  20              		.global	cy_meta_flashprotect
  21              		.global	cy_meta_wonvl
  22              		.global	cy_meta_custnvl
  23              		.global	cy_meta_configecc
  24              		.section	.cyconfigecc,"a",%progbits
  25              		.align	2
  26              		.type	cy_meta_configecc, %object
  27              		.size	cy_meta_configecc, 1720
  28              	cy_meta_configecc:
  29 0000 04       		.byte	4
  30 0001 52       		.byte	82
  31 0002 00       		.byte	0
  32 0003 40       		.byte	64
  33 0004 01       		.byte	1
  34 0005 64       		.byte	100
  35 0006 00       		.byte	0
  36 0007 40       		.byte	64
  37 0008 03       		.byte	3
  38 0009 65       		.byte	101
  39 000a 00       		.byte	0
  40 000b 40       		.byte	64
  41 000c 4F       		.byte	79
  42 000d 06       		.byte	6
  43 000e 01       		.byte	1
  44 000f 40       		.byte	64
  45 0010 32       		.byte	50
  46 0011 07       		.byte	7
  47 0012 01       		.byte	1
  48 0013 40       		.byte	64
  49 0014 58       		.byte	88
  50 0015 14       		.byte	20
  51 0016 01       		.byte	1
  52 0017 40       		.byte	64
  53 0018 51       		.byte	81
  54 0019 15       		.byte	21
  55 001a 01       		.byte	1
  56 001b 40       		.byte	64
  57 001c 5A       		.byte	90
ARM GAS  C:\Users\nikod\AppData\Local\Temp\ccIHNTGV.s 			page 2


  58 001d 16       		.byte	22
  59 001e 01       		.byte	1
  60 001f 40       		.byte	64
  61 0020 4E       		.byte	78
  62 0021 17       		.byte	23
  63 0022 01       		.byte	1
  64 0023 40       		.byte	64
  65 0024 0E       		.byte	14
  66 0025 18       		.byte	24
  67 0026 01       		.byte	1
  68 0027 40       		.byte	64
  69 0028 3B       		.byte	59
  70 0029 19       		.byte	25
  71 002a 01       		.byte	1
  72 002b 40       		.byte	64
  73 002c 42       		.byte	66
  74 002d 1A       		.byte	26
  75 002e 01       		.byte	1
  76 002f 40       		.byte	64
  77 0030 4C       		.byte	76
  78 0031 1B       		.byte	27
  79 0032 01       		.byte	1
  80 0033 40       		.byte	64
  81 0034 03       		.byte	3
  82 0035 40       		.byte	64
  83 0036 01       		.byte	1
  84 0037 40       		.byte	64
  85 0038 02       		.byte	2
  86 0039 41       		.byte	65
  87 003a 01       		.byte	1
  88 003b 40       		.byte	64
  89 003c 02       		.byte	2
  90 003d 42       		.byte	66
  91 003e 01       		.byte	1
  92 003f 40       		.byte	64
  93 0040 02       		.byte	2
  94 0041 43       		.byte	67
  95 0042 01       		.byte	1
  96 0043 40       		.byte	64
  97 0044 05       		.byte	5
  98 0045 48       		.byte	72
  99 0046 01       		.byte	1
 100 0047 40       		.byte	64
 101 0048 09       		.byte	9
 102 0049 49       		.byte	73
 103 004a 01       		.byte	1
 104 004b 40       		.byte	64
 105 004c 0C       		.byte	12
 106 004d 4C       		.byte	76
 107 004e 01       		.byte	1
 108 004f 40       		.byte	64
 109 0050 03       		.byte	3
 110 0051 4D       		.byte	77
 111 0052 01       		.byte	1
 112 0053 40       		.byte	64
 113 0054 05       		.byte	5
 114 0055 50       		.byte	80
ARM GAS  C:\Users\nikod\AppData\Local\Temp\ccIHNTGV.s 			page 3


 115 0056 01       		.byte	1
 116 0057 40       		.byte	64
 117 0058 01       		.byte	1
 118 0059 51       		.byte	81
 119 005a 01       		.byte	1
 120 005b 40       		.byte	64
 121 005c 08       		.byte	8
 122 005d 20       		.byte	32
 123 005e 09       		.byte	9
 124 005f 60       		.byte	96
 125 0060 18       		.byte	24
 126 0061 02       		.byte	2
 127 0062 1C       		.byte	28
 128 0063 01       		.byte	1
 129 0064 87       		.byte	-121
 130 0065 0F       		.byte	15
 131 0066 86       		.byte	-122
 132 0067 38       		.byte	56
 133 0068 88       		.byte	-120
 134 0069 72       		.byte	114
 135 006a 8A       		.byte	-118
 136 006b 0F       		.byte	15
 137 006c 00       		.byte	0
 138 006d 18       		.byte	24
 139 006e 04       		.byte	4
 140 006f FF       		.byte	-1
 141 0070 08       		.byte	8
 142 0071 DC       		.byte	-36
 143 0072 0A       		.byte	10
 144 0073 21       		.byte	33
 145 0074 0E       		.byte	14
 146 0075 C3       		.byte	-61
 147 0076 10       		.byte	16
 148 0077 44       		.byte	68
 149 0078 14       		.byte	20
 150 0079 08       		.byte	8
 151 007a 17       		.byte	23
 152 007b 07       		.byte	7
 153 007c 18       		.byte	24
 154 007d E7       		.byte	-25
 155 007e 19       		.byte	25
 156 007f 07       		.byte	7
 157 0080 1A       		.byte	26
 158 0081 18       		.byte	24
 159 0082 1C       		.byte	28
 160 0083 1C       		.byte	28
 161 0084 1E       		.byte	30
 162 0085 E2       		.byte	-30
 163 0086 1F       		.byte	31
 164 0087 02       		.byte	2
 165 0088 20       		.byte	32
 166 0089 10       		.byte	16
 167 008a 21       		.byte	33
 168 008b 01       		.byte	1
 169 008c 25       		.byte	37
 170 008d 04       		.byte	4
 171 008e 26       		.byte	38
ARM GAS  C:\Users\nikod\AppData\Local\Temp\ccIHNTGV.s 			page 4


 172 008f 04       		.byte	4
 173 0090 28       		.byte	40
 174 0091 80       		.byte	-128
 175 0092 2C       		.byte	44
 176 0093 C0       		.byte	-64
 177 0094 30       		.byte	48
 178 0095 20       		.byte	32
 179 0096 31       		.byte	49
 180 0097 07       		.byte	7
 181 0098 34       		.byte	52
 182 0099 D8       		.byte	-40
 183 009a 36       		.byte	54
 184 009b 1F       		.byte	31
 185 009c 38       		.byte	56
 186 009d 02       		.byte	2
 187 009e 3A       		.byte	58
 188 009f A0       		.byte	-96
 189 00a0 3F       		.byte	63
 190 00a1 01       		.byte	1
 191 00a2 58       		.byte	88
 192 00a3 04       		.byte	4
 193 00a4 59       		.byte	89
 194 00a5 04       		.byte	4
 195 00a6 5C       		.byte	92
 196 00a7 01       		.byte	1
 197 00a8 5F       		.byte	95
 198 00a9 01       		.byte	1
 199 00aa 80       		.byte	-128
 200 00ab 06       		.byte	6
 201 00ac 88       		.byte	-120
 202 00ad 06       		.byte	6
 203 00ae 8A       		.byte	-118
 204 00af 09       		.byte	9
 205 00b0 8C       		.byte	-116
 206 00b1 04       		.byte	4
 207 00b2 90       		.byte	-112
 208 00b3 07       		.byte	7
 209 00b4 92       		.byte	-110
 210 00b5 08       		.byte	8
 211 00b6 93       		.byte	-109
 212 00b7 12       		.byte	18
 213 00b8 94       		.byte	-108
 214 00b9 09       		.byte	9
 215 00ba 96       		.byte	-106
 216 00bb 06       		.byte	6
 217 00bc 97       		.byte	-105
 218 00bd 0C       		.byte	12
 219 00be 98       		.byte	-104
 220 00bf 0F       		.byte	15
 221 00c0 9B       		.byte	-101
 222 00c1 01       		.byte	1
 223 00c2 9D       		.byte	-99
 224 00c3 01       		.byte	1
 225 00c4 9F       		.byte	-97
 226 00c5 02       		.byte	2
 227 00c6 A1       		.byte	-95
 228 00c7 04       		.byte	4
ARM GAS  C:\Users\nikod\AppData\Local\Temp\ccIHNTGV.s 			page 5


 229 00c8 A3       		.byte	-93
 230 00c9 03       		.byte	3
 231 00ca A5       		.byte	-91
 232 00cb 08       		.byte	8
 233 00cc A7       		.byte	-89
 234 00cd 03       		.byte	3
 235 00ce A8       		.byte	-88
 236 00cf 02       		.byte	2
 237 00d0 AE       		.byte	-82
 238 00d1 09       		.byte	9
 239 00d2 B0       		.byte	-80
 240 00d3 07       		.byte	7
 241 00d4 B2       		.byte	-78
 242 00d5 0E       		.byte	14
 243 00d6 B3       		.byte	-77
 244 00d7 0F       		.byte	15
 245 00d8 B5       		.byte	-75
 246 00d9 10       		.byte	16
 247 00da BA       		.byte	-70
 248 00db 08       		.byte	8
 249 00dc C0       		.byte	-64
 250 00dd 36       		.byte	54
 251 00de C1       		.byte	-63
 252 00df 05       		.byte	5
 253 00e0 C5       		.byte	-59
 254 00e1 0C       		.byte	12
 255 00e2 C6       		.byte	-58
 256 00e3 0B       		.byte	11
 257 00e4 C7       		.byte	-57
 258 00e5 0E       		.byte	14
 259 00e6 C8       		.byte	-56
 260 00e7 15       		.byte	21
 261 00e8 C9       		.byte	-55
 262 00e9 FF       		.byte	-1
 263 00ea CA       		.byte	-54
 264 00eb FF       		.byte	-1
 265 00ec CB       		.byte	-53
 266 00ed FF       		.byte	-1
 267 00ee CE       		.byte	-50
 268 00ef F0       		.byte	-16
 269 00f0 CF       		.byte	-49
 270 00f1 44       		.byte	68
 271 00f2 D0       		.byte	-48
 272 00f3 0C       		.byte	12
 273 00f4 D4       		.byte	-44
 274 00f5 01       		.byte	1
 275 00f6 D8       		.byte	-40
 276 00f7 04       		.byte	4
 277 00f8 D9       		.byte	-39
 278 00f9 04       		.byte	4
 279 00fa DA       		.byte	-38
 280 00fb 04       		.byte	4
 281 00fc DB       		.byte	-37
 282 00fd 04       		.byte	4
 283 00fe DC       		.byte	-36
 284 00ff 01       		.byte	1
 285 0100 DD       		.byte	-35
ARM GAS  C:\Users\nikod\AppData\Local\Temp\ccIHNTGV.s 			page 6


 286 0101 11       		.byte	17
 287 0102 DF       		.byte	-33
 288 0103 01       		.byte	1
 289 0104 E6       		.byte	-26
 290 0105 C0       		.byte	-64
 291 0106 EA       		.byte	-22
 292 0107 40       		.byte	64
 293 0108 EB       		.byte	-21
 294 0109 02       		.byte	2
 295 010a 00       		.byte	0
 296 010b 10       		.byte	16
 297 010c 01       		.byte	1
 298 010d 80       		.byte	-128
 299 010e 02       		.byte	2
 300 010f 40       		.byte	64
 301 0110 04       		.byte	4
 302 0111 18       		.byte	24
 303 0112 06       		.byte	6
 304 0113 41       		.byte	65
 305 0114 0A       		.byte	10
 306 0115 08       		.byte	8
 307 0116 0B       		.byte	11
 308 0117 A0       		.byte	-96
 309 0118 0D       		.byte	13
 310 0119 01       		.byte	1
 311 011a 0E       		.byte	14
 312 011b 06       		.byte	6
 313 011c 0F       		.byte	15
 314 011d 10       		.byte	16
 315 011e 11       		.byte	17
 316 011f 80       		.byte	-128
 317 0120 12       		.byte	18
 318 0121 01       		.byte	1
 319 0122 13       		.byte	19
 320 0123 10       		.byte	16
 321 0124 14       		.byte	20
 322 0125 02       		.byte	2
 323 0126 16       		.byte	22
 324 0127 80       		.byte	-128
 325 0128 17       		.byte	23
 326 0129 14       		.byte	20
 327 012a 18       		.byte	24
 328 012b 30       		.byte	48
 329 012c 1B       		.byte	27
 330 012d 01       		.byte	1
 331 012e 1D       		.byte	29
 332 012f 01       		.byte	1
 333 0130 1E       		.byte	30
 334 0131 06       		.byte	6
 335 0132 1F       		.byte	31
 336 0133 50       		.byte	80
 337 0134 21       		.byte	33
 338 0135 08       		.byte	8
 339 0136 22       		.byte	34
 340 0137 18       		.byte	24
 341 0138 24       		.byte	36
 342 0139 80       		.byte	-128
ARM GAS  C:\Users\nikod\AppData\Local\Temp\ccIHNTGV.s 			page 7


 343 013a 28       		.byte	40
 344 013b A0       		.byte	-96
 345 013c 2B       		.byte	43
 346 013d 20       		.byte	32
 347 013e 2C       		.byte	44
 348 013f 80       		.byte	-128
 349 0140 2F       		.byte	47
 350 0141 20       		.byte	32
 351 0142 30       		.byte	48
 352 0143 80       		.byte	-128
 353 0144 31       		.byte	49
 354 0145 0A       		.byte	10
 355 0146 32       		.byte	50
 356 0147 10       		.byte	16
 357 0148 34       		.byte	52
 358 0149 80       		.byte	-128
 359 014a 36       		.byte	54
 360 014b 18       		.byte	24
 361 014c 41       		.byte	65
 362 014d 04       		.byte	4
 363 014e 48       		.byte	72
 364 014f 28       		.byte	40
 365 0150 49       		.byte	73
 366 0151 40       		.byte	64
 367 0152 52       		.byte	82
 368 0153 80       		.byte	-128
 369 0154 53       		.byte	83
 370 0155 08       		.byte	8
 371 0156 59       		.byte	89
 372 0157 08       		.byte	8
 373 0158 5A       		.byte	90
 374 0159 92       		.byte	-110
 375 015a 65       		.byte	101
 376 015b 80       		.byte	-128
 377 015c 66       		.byte	102
 378 015d 80       		.byte	-128
 379 015e C0       		.byte	-64
 380 015f FB       		.byte	-5
 381 0160 C2       		.byte	-62
 382 0161 FE       		.byte	-2
 383 0162 C4       		.byte	-60
 384 0163 F3       		.byte	-13
 385 0164 CA       		.byte	-54
 386 0165 C3       		.byte	-61
 387 0166 CC       		.byte	-52
 388 0167 7F       		.byte	127
 389 0168 D0       		.byte	-48
 390 0169 02       		.byte	2
 391 016a D2       		.byte	-46
 392 016b 0C       		.byte	12
 393 016c D6       		.byte	-42
 394 016d 0F       		.byte	15
 395 016e 00       		.byte	0
 396 016f 14       		.byte	20
 397 0170 04       		.byte	4
 398 0171 09       		.byte	9
 399 0172 05       		.byte	5
ARM GAS  C:\Users\nikod\AppData\Local\Temp\ccIHNTGV.s 			page 8


 400 0173 31       		.byte	49
 401 0174 06       		.byte	6
 402 0175 D0       		.byte	-48
 403 0176 07       		.byte	7
 404 0177 06       		.byte	6
 405 0178 0A       		.byte	10
 406 0179 03       		.byte	3
 407 017a 0C       		.byte	12
 408 017b 0C       		.byte	12
 409 017c 0D       		.byte	13
 410 017d 2C       		.byte	44
 411 017e 0E       		.byte	14
 412 017f 71       		.byte	113
 413 0180 0F       		.byte	15
 414 0181 03       		.byte	3
 415 0182 10       		.byte	16
 416 0183 DC       		.byte	-36
 417 0184 12       		.byte	18
 418 0185 22       		.byte	34
 419 0186 17       		.byte	23
 420 0187 13       		.byte	19
 421 0188 1B       		.byte	27
 422 0189 0C       		.byte	12
 423 018a 1C       		.byte	28
 424 018b 10       		.byte	16
 425 018c 1E       		.byte	30
 426 018d 40       		.byte	64
 427 018e 1F       		.byte	31
 428 018f 08       		.byte	8
 429 0190 24       		.byte	36
 430 0191 10       		.byte	16
 431 0192 26       		.byte	38
 432 0193 AC       		.byte	-84
 433 0194 2A       		.byte	42
 434 0195 20       		.byte	32
 435 0196 2D       		.byte	45
 436 0197 31       		.byte	49
 437 0198 2F       		.byte	47
 438 0199 0E       		.byte	14
 439 019a 31       		.byte	49
 440 019b 0F       		.byte	15
 441 019c 34       		.byte	52
 442 019d 1F       		.byte	31
 443 019e 36       		.byte	54
 444 019f E0       		.byte	-32
 445 01a0 37       		.byte	55
 446 01a1 30       		.byte	48
 447 01a2 39       		.byte	57
 448 01a3 80       		.byte	-128
 449 01a4 3A       		.byte	58
 450 01a5 80       		.byte	-128
 451 01a6 3B       		.byte	59
 452 01a7 0A       		.byte	10
 453 01a8 3F       		.byte	63
 454 01a9 40       		.byte	64
 455 01aa 40       		.byte	64
 456 01ab 05       		.byte	5
ARM GAS  C:\Users\nikod\AppData\Local\Temp\ccIHNTGV.s 			page 9


 457 01ac 46       		.byte	70
 458 01ad 04       		.byte	4
 459 01ae 49       		.byte	73
 460 01af FF       		.byte	-1
 461 01b0 4A       		.byte	74
 462 01b1 07       		.byte	7
 463 01b2 4B       		.byte	75
 464 01b3 FF       		.byte	-1
 465 01b4 4C       		.byte	76
 466 01b5 40       		.byte	64
 467 01b6 4D       		.byte	77
 468 01b7 20       		.byte	32
 469 01b8 4E       		.byte	78
 470 01b9 F0       		.byte	-16
 471 01ba 4F       		.byte	79
 472 01bb 05       		.byte	5
 473 01bc 50       		.byte	80
 474 01bd 08       		.byte	8
 475 01be 54       		.byte	84
 476 01bf 40       		.byte	64
 477 01c0 58       		.byte	88
 478 01c1 04       		.byte	4
 479 01c2 59       		.byte	89
 480 01c3 04       		.byte	4
 481 01c4 5A       		.byte	90
 482 01c5 04       		.byte	4
 483 01c6 5B       		.byte	91
 484 01c7 04       		.byte	4
 485 01c8 5C       		.byte	92
 486 01c9 11       		.byte	17
 487 01ca 5D       		.byte	93
 488 01cb 01       		.byte	1
 489 01cc 5F       		.byte	95
 490 01cd 01       		.byte	1
 491 01ce 60       		.byte	96
 492 01cf 40       		.byte	64
 493 01d0 61       		.byte	97
 494 01d1 A8       		.byte	-88
 495 01d2 62       		.byte	98
 496 01d3 40       		.byte	64
 497 01d4 63       		.byte	99
 498 01d5 20       		.byte	32
 499 01d6 81       		.byte	-127
 500 01d7 07       		.byte	7
 501 01d8 83       		.byte	-125
 502 01d9 18       		.byte	24
 503 01da 84       		.byte	-124
 504 01db 01       		.byte	1
 505 01dc 87       		.byte	-121
 506 01dd 03       		.byte	3
 507 01de 88       		.byte	-120
 508 01df 01       		.byte	1
 509 01e0 8D       		.byte	-115
 510 01e1 7C       		.byte	124
 511 01e2 93       		.byte	-109
 512 01e3 03       		.byte	3
 513 01e4 94       		.byte	-108
ARM GAS  C:\Users\nikod\AppData\Local\Temp\ccIHNTGV.s 			page 10


 514 01e5 0C       		.byte	12
 515 01e6 95       		.byte	-107
 516 01e7 03       		.byte	3
 517 01e8 98       		.byte	-104
 518 01e9 01       		.byte	1
 519 01ea 99       		.byte	-103
 520 01eb 52       		.byte	82
 521 01ec 9B       		.byte	-101
 522 01ed 24       		.byte	36
 523 01ee 9C       		.byte	-100
 524 01ef 01       		.byte	1
 525 01f0 A0       		.byte	-96
 526 01f1 02       		.byte	2
 527 01f2 A2       		.byte	-94
 528 01f3 08       		.byte	8
 529 01f4 A3       		.byte	-93
 530 01f5 03       		.byte	3
 531 01f6 A4       		.byte	-92
 532 01f7 04       		.byte	4
 533 01f8 A5       		.byte	-91
 534 01f9 29       		.byte	41
 535 01fa A6       		.byte	-90
 536 01fb 02       		.byte	2
 537 01fc A7       		.byte	-89
 538 01fd C4       		.byte	-60
 539 01fe A8       		.byte	-88
 540 01ff 02       		.byte	2
 541 0200 A9       		.byte	-87
 542 0201 7C       		.byte	124
 543 0202 AA       		.byte	-86
 544 0203 04       		.byte	4
 545 0204 AD       		.byte	-83
 546 0205 03       		.byte	3
 547 0206 B1       		.byte	-79
 548 0207 1C       		.byte	28
 549 0208 B2       		.byte	-78
 550 0209 0E       		.byte	14
 551 020a B3       		.byte	-77
 552 020b 60       		.byte	96
 553 020c B4       		.byte	-76
 554 020d 01       		.byte	1
 555 020e B5       		.byte	-75
 556 020f 80       		.byte	-128
 557 0210 B7       		.byte	-73
 558 0211 03       		.byte	3
 559 0212 B8       		.byte	-72
 560 0213 08       		.byte	8
 561 0214 BE       		.byte	-66
 562 0215 10       		.byte	16
 563 0216 D8       		.byte	-40
 564 0217 04       		.byte	4
 565 0218 D9       		.byte	-39
 566 0219 04       		.byte	4
 567 021a DC       		.byte	-36
 568 021b 10       		.byte	16
 569 021c DF       		.byte	-33
 570 021d 01       		.byte	1
ARM GAS  C:\Users\nikod\AppData\Local\Temp\ccIHNTGV.s 			page 11


 571 021e 01       		.byte	1
 572 021f A0       		.byte	-96
 573 0220 02       		.byte	2
 574 0221 A0       		.byte	-96
 575 0222 04       		.byte	4
 576 0223 20       		.byte	32
 577 0224 06       		.byte	6
 578 0225 08       		.byte	8
 579 0226 07       		.byte	7
 580 0227 20       		.byte	32
 581 0228 09       		.byte	9
 582 0229 82       		.byte	-126
 583 022a 0C       		.byte	12
 584 022b 80       		.byte	-128
 585 022c 0E       		.byte	14
 586 022d 26       		.byte	38
 587 022e 10       		.byte	16
 588 022f 08       		.byte	8
 589 0230 11       		.byte	17
 590 0231 04       		.byte	4
 591 0232 14       		.byte	20
 592 0233 A4       		.byte	-92
 593 0234 19       		.byte	25
 594 0235 E0       		.byte	-32
 595 0236 1D       		.byte	29
 596 0237 10       		.byte	16
 597 0238 1E       		.byte	30
 598 0239 20       		.byte	32
 599 023a 20       		.byte	32
 600 023b 42       		.byte	66
 601 023c 21       		.byte	33
 602 023d 02       		.byte	2
 603 023e 22       		.byte	34
 604 023f 04       		.byte	4
 605 0240 23       		.byte	35
 606 0241 20       		.byte	32
 607 0242 25       		.byte	37
 608 0243 01       		.byte	1
 609 0244 26       		.byte	38
 610 0245 02       		.byte	2
 611 0246 27       		.byte	39
 612 0247 16       		.byte	22
 613 0248 29       		.byte	41
 614 0249 40       		.byte	64
 615 024a 2C       		.byte	44
 616 024b 80       		.byte	-128
 617 024c 2D       		.byte	45
 618 024d 10       		.byte	16
 619 024e 2E       		.byte	46
 620 024f 80       		.byte	-128
 621 0250 2F       		.byte	47
 622 0251 10       		.byte	16
 623 0252 30       		.byte	48
 624 0253 08       		.byte	8
 625 0254 31       		.byte	49
 626 0255 80       		.byte	-128
 627 0256 32       		.byte	50
ARM GAS  C:\Users\nikod\AppData\Local\Temp\ccIHNTGV.s 			page 12


 628 0257 20       		.byte	32
 629 0258 37       		.byte	55
 630 0259 19       		.byte	25
 631 025a 38       		.byte	56
 632 025b 40       		.byte	64
 633 025c 39       		.byte	57
 634 025d 0C       		.byte	12
 635 025e 3C       		.byte	60
 636 025f 80       		.byte	-128
 637 0260 3D       		.byte	61
 638 0261 02       		.byte	2
 639 0262 3E       		.byte	62
 640 0263 08       		.byte	8
 641 0264 48       		.byte	72
 642 0265 01       		.byte	1
 643 0266 50       		.byte	80
 644 0267 08       		.byte	8
 645 0268 51       		.byte	81
 646 0269 80       		.byte	-128
 647 026a 61       		.byte	97
 648 026b 24       		.byte	36
 649 026c 62       		.byte	98
 650 026d 40       		.byte	64
 651 026e 80       		.byte	-128
 652 026f 80       		.byte	-128
 653 0270 82       		.byte	-126
 654 0271 05       		.byte	5
 655 0272 84       		.byte	-124
 656 0273 20       		.byte	32
 657 0274 85       		.byte	-123
 658 0275 01       		.byte	1
 659 0276 86       		.byte	-122
 660 0277 80       		.byte	-128
 661 0278 87       		.byte	-121
 662 0279 30       		.byte	48
 663 027a 88       		.byte	-120
 664 027b 51       		.byte	81
 665 027c 8A       		.byte	-118
 666 027d 40       		.byte	64
 667 027e 8D       		.byte	-115
 668 027f 24       		.byte	36
 669 0280 90       		.byte	-112
 670 0281 20       		.byte	32
 671 0282 91       		.byte	-111
 672 0283 18       		.byte	24
 673 0284 92       		.byte	-110
 674 0285 04       		.byte	4
 675 0286 94       		.byte	-108
 676 0287 40       		.byte	64
 677 0288 95       		.byte	-107
 678 0289 02       		.byte	2
 679 028a 96       		.byte	-106
 680 028b 08       		.byte	8
 681 028c 97       		.byte	-105
 682 028d 20       		.byte	32
 683 028e 98       		.byte	-104
 684 028f 04       		.byte	4
ARM GAS  C:\Users\nikod\AppData\Local\Temp\ccIHNTGV.s 			page 13


 685 0290 9B       		.byte	-101
 686 0291 09       		.byte	9
 687 0292 9C       		.byte	-100
 688 0293 F1       		.byte	-15
 689 0294 9D       		.byte	-99
 690 0295 70       		.byte	112
 691 0296 9E       		.byte	-98
 692 0297 05       		.byte	5
 693 0298 9F       		.byte	-97
 694 0299 16       		.byte	22
 695 029a A0       		.byte	-96
 696 029b 40       		.byte	64
 697 029c A2       		.byte	-94
 698 029d A1       		.byte	-95
 699 029e A4       		.byte	-92
 700 029f 08       		.byte	8
 701 02a0 A6       		.byte	-90
 702 02a1 12       		.byte	18
 703 02a2 A9       		.byte	-87
 704 02a3 80       		.byte	-128
 705 02a4 AC       		.byte	-84
 706 02a5 44       		.byte	68
 707 02a6 B0       		.byte	-80
 708 02a7 84       		.byte	-124
 709 02a8 B5       		.byte	-75
 710 02a9 10       		.byte	16
 711 02aa C0       		.byte	-64
 712 02ab 6F       		.byte	111
 713 02ac C2       		.byte	-62
 714 02ad E9       		.byte	-23
 715 02ae C4       		.byte	-60
 716 02af 76       		.byte	118
 717 02b0 CA       		.byte	-54
 718 02b1 F8       		.byte	-8
 719 02b2 CC       		.byte	-52
 720 02b3 EE       		.byte	-18
 721 02b4 CE       		.byte	-50
 722 02b5 DA       		.byte	-38
 723 02b6 D2       		.byte	-46
 724 02b7 08       		.byte	8
 725 02b8 D8       		.byte	-40
 726 02b9 0E       		.byte	14
 727 02ba E2       		.byte	-30
 728 02bb 05       		.byte	5
 729 02bc E6       		.byte	-26
 730 02bd 09       		.byte	9
 731 02be EA       		.byte	-22
 732 02bf 06       		.byte	6
 733 02c0 02       		.byte	2
 734 02c1 01       		.byte	1
 735 02c2 08       		.byte	8
 736 02c3 02       		.byte	2
 737 02c4 09       		.byte	9
 738 02c5 01       		.byte	1
 739 02c6 0D       		.byte	13
 740 02c7 01       		.byte	1
 741 02c8 13       		.byte	19
ARM GAS  C:\Users\nikod\AppData\Local\Temp\ccIHNTGV.s 			page 14


 742 02c9 02       		.byte	2
 743 02ca 1B       		.byte	27
 744 02cb 04       		.byte	4
 745 02cc 1E       		.byte	30
 746 02cd 04       		.byte	4
 747 02ce 21       		.byte	33
 748 02cf 01       		.byte	1
 749 02d0 26       		.byte	38
 750 02d1 04       		.byte	4
 751 02d2 27       		.byte	39
 752 02d3 04       		.byte	4
 753 02d4 2E       		.byte	46
 754 02d5 01       		.byte	1
 755 02d6 30       		.byte	48
 756 02d7 04       		.byte	4
 757 02d8 32       		.byte	50
 758 02d9 01       		.byte	1
 759 02da 33       		.byte	51
 760 02db 06       		.byte	6
 761 02dc 34       		.byte	52
 762 02dd 02       		.byte	2
 763 02de 37       		.byte	55
 764 02df 01       		.byte	1
 765 02e0 3E       		.byte	62
 766 02e1 15       		.byte	21
 767 02e2 3F       		.byte	63
 768 02e3 04       		.byte	4
 769 02e4 40       		.byte	64
 770 02e5 34       		.byte	52
 771 02e6 41       		.byte	65
 772 02e7 06       		.byte	6
 773 02e8 42       		.byte	66
 774 02e9 05       		.byte	5
 775 02ea 44       		.byte	68
 776 02eb 02       		.byte	2
 777 02ec 46       		.byte	70
 778 02ed C0       		.byte	-64
 779 02ee 47       		.byte	71
 780 02ef E0       		.byte	-32
 781 02f0 48       		.byte	72
 782 02f1 28       		.byte	40
 783 02f2 49       		.byte	73
 784 02f3 FF       		.byte	-1
 785 02f4 4A       		.byte	74
 786 02f5 FF       		.byte	-1
 787 02f6 4B       		.byte	75
 788 02f7 FF       		.byte	-1
 789 02f8 4C       		.byte	76
 790 02f9 62       		.byte	98
 791 02fa 4D       		.byte	77
 792 02fb A0       		.byte	-96
 793 02fc 4E       		.byte	78
 794 02fd F0       		.byte	-16
 795 02fe 4F       		.byte	79
 796 02ff 41       		.byte	65
 797 0300 50       		.byte	80
 798 0301 0C       		.byte	12
ARM GAS  C:\Users\nikod\AppData\Local\Temp\ccIHNTGV.s 			page 15


 799 0302 54       		.byte	84
 800 0303 18       		.byte	24
 801 0304 56       		.byte	86
 802 0305 04       		.byte	4
 803 0306 58       		.byte	88
 804 0307 04       		.byte	4
 805 0308 59       		.byte	89
 806 0309 04       		.byte	4
 807 030a 5A       		.byte	90
 808 030b 04       		.byte	4
 809 030c 5B       		.byte	91
 810 030d 04       		.byte	4
 811 030e 5C       		.byte	92
 812 030f 10       		.byte	16
 813 0310 5D       		.byte	93
 814 0311 11       		.byte	17
 815 0312 5F       		.byte	95
 816 0313 01       		.byte	1
 817 0314 66       		.byte	102
 818 0315 40       		.byte	64
 819 0316 67       		.byte	103
 820 0317 02       		.byte	2
 821 0318 69       		.byte	105
 822 0319 10       		.byte	16
 823 031a 6A       		.byte	106
 824 031b 30       		.byte	48
 825 031c 6B       		.byte	107
 826 031d 10       		.byte	16
 827 031e 6D       		.byte	109
 828 031f 10       		.byte	16
 829 0320 6E       		.byte	110
 830 0321 10       		.byte	16
 831 0322 6F       		.byte	111
 832 0323 12       		.byte	18
 833 0324 84       		.byte	-124
 834 0325 02       		.byte	2
 835 0326 85       		.byte	-123
 836 0327 33       		.byte	51
 837 0328 86       		.byte	-122
 838 0329 0D       		.byte	13
 839 032a 87       		.byte	-121
 840 032b 0C       		.byte	12
 841 032c 88       		.byte	-120
 842 032d 10       		.byte	16
 843 032e 8B       		.byte	-117
 844 032f 08       		.byte	8
 845 0330 8C       		.byte	-116
 846 0331 0D       		.byte	13
 847 0332 8D       		.byte	-115
 848 0333 0A       		.byte	10
 849 0334 8F       		.byte	-113
 850 0335 34       		.byte	52
 851 0336 90       		.byte	-112
 852 0337 0D       		.byte	13
 853 0338 94       		.byte	-108
 854 0339 21       		.byte	33
 855 033a 95       		.byte	-107
ARM GAS  C:\Users\nikod\AppData\Local\Temp\ccIHNTGV.s 			page 16


 856 033b 40       		.byte	64
 857 033c 96       		.byte	-106
 858 033d 02       		.byte	2
 859 033e 97       		.byte	-105
 860 033f 15       		.byte	21
 861 0340 98       		.byte	-104
 862 0341 22       		.byte	34
 863 0342 99       		.byte	-103
 864 0343 03       		.byte	3
 865 0344 9A       		.byte	-102
 866 0345 08       		.byte	8
 867 0346 9B       		.byte	-101
 868 0347 14       		.byte	20
 869 0348 9C       		.byte	-100
 870 0349 22       		.byte	34
 871 034a 9E       		.byte	-98
 872 034b 04       		.byte	4
 873 034c A0       		.byte	-96
 874 034d 0D       		.byte	13
 875 034e A4       		.byte	-92
 876 034f 0D       		.byte	13
 877 0350 A8       		.byte	-88
 878 0351 0D       		.byte	13
 879 0352 AD       		.byte	-83
 880 0353 33       		.byte	51
 881 0354 AF       		.byte	-81
 882 0355 04       		.byte	4
 883 0356 B2       		.byte	-78
 884 0357 10       		.byte	16
 885 0358 B3       		.byte	-77
 886 0359 0F       		.byte	15
 887 035a B4       		.byte	-76
 888 035b 0F       		.byte	15
 889 035c B5       		.byte	-75
 890 035d 60       		.byte	96
 891 035e B6       		.byte	-74
 892 035f 20       		.byte	32
 893 0360 B7       		.byte	-73
 894 0361 10       		.byte	16
 895 0362 B9       		.byte	-71
 896 0363 20       		.byte	32
 897 0364 BA       		.byte	-70
 898 0365 20       		.byte	32
 899 0366 BB       		.byte	-69
 900 0367 08       		.byte	8
 901 0368 BE       		.byte	-66
 902 0369 44       		.byte	68
 903 036a BF       		.byte	-65
 904 036b 40       		.byte	64
 905 036c D8       		.byte	-40
 906 036d 04       		.byte	4
 907 036e D9       		.byte	-39
 908 036f 04       		.byte	4
 909 0370 DC       		.byte	-36
 910 0371 10       		.byte	16
 911 0372 DF       		.byte	-33
 912 0373 01       		.byte	1
ARM GAS  C:\Users\nikod\AppData\Local\Temp\ccIHNTGV.s 			page 17


 913 0374 02       		.byte	2
 914 0375 01       		.byte	1
 915 0376 03       		.byte	3
 916 0377 28       		.byte	40
 917 0378 05       		.byte	5
 918 0379 21       		.byte	33
 919 037a 08       		.byte	8
 920 037b A5       		.byte	-91
 921 037c 0F       		.byte	15
 922 037d 02       		.byte	2
 923 037e 10       		.byte	16
 924 037f 50       		.byte	80
 925 0380 12       		.byte	18
 926 0381 04       		.byte	4
 927 0382 16       		.byte	22
 928 0383 22       		.byte	34
 929 0384 18       		.byte	24
 930 0385 02       		.byte	2
 931 0386 19       		.byte	25
 932 0387 08       		.byte	8
 933 0388 1B       		.byte	27
 934 0389 20       		.byte	32
 935 038a 1C       		.byte	28
 936 038b 08       		.byte	8
 937 038c 1F       		.byte	31
 938 038d 05       		.byte	5
 939 038e 21       		.byte	33
 940 038f 14       		.byte	20
 941 0390 22       		.byte	34
 942 0391 60       		.byte	96
 943 0392 25       		.byte	37
 944 0393 40       		.byte	64
 945 0394 27       		.byte	39
 946 0395 21       		.byte	33
 947 0396 29       		.byte	41
 948 0397 40       		.byte	64
 949 0398 2F       		.byte	47
 950 0399 50       		.byte	80
 951 039a 30       		.byte	48
 952 039b 28       		.byte	40
 953 039c 34       		.byte	52
 954 039d 02       		.byte	2
 955 039e 36       		.byte	54
 956 039f 02       		.byte	2
 957 03a0 37       		.byte	55
 958 03a1 10       		.byte	16
 959 03a2 38       		.byte	56
 960 03a3 40       		.byte	64
 961 03a4 39       		.byte	57
 962 03a5 28       		.byte	40
 963 03a6 3C       		.byte	60
 964 03a7 80       		.byte	-128
 965 03a8 3D       		.byte	61
 966 03a9 10       		.byte	16
 967 03aa 47       		.byte	71
 968 03ab 29       		.byte	41
 969 03ac 4C       		.byte	76
ARM GAS  C:\Users\nikod\AppData\Local\Temp\ccIHNTGV.s 			page 18


 970 03ad 04       		.byte	4
 971 03ae 4D       		.byte	77
 972 03af 40       		.byte	64
 973 03b0 4E       		.byte	78
 974 03b1 04       		.byte	4
 975 03b2 56       		.byte	86
 976 03b3 22       		.byte	34
 977 03b4 5E       		.byte	94
 978 03b5 04       		.byte	4
 979 03b6 5F       		.byte	95
 980 03b7 0A       		.byte	10
 981 03b8 67       		.byte	103
 982 03b9 4A       		.byte	74
 983 03ba 79       		.byte	121
 984 03bb 40       		.byte	64
 985 03bc 7B       		.byte	123
 986 03bd 01       		.byte	1
 987 03be 85       		.byte	-123
 988 03bf 10       		.byte	16
 989 03c0 86       		.byte	-122
 990 03c1 40       		.byte	64
 991 03c2 87       		.byte	-121
 992 03c3 40       		.byte	64
 993 03c4 89       		.byte	-119
 994 03c5 02       		.byte	2
 995 03c6 8B       		.byte	-117
 996 03c7 40       		.byte	64
 997 03c8 8C       		.byte	-116
 998 03c9 01       		.byte	1
 999 03ca 90       		.byte	-112
 1000 03cb 20       		.byte	32
 1001 03cc 92       		.byte	-110
 1002 03cd 04       		.byte	4
 1003 03ce 94       		.byte	-108
 1004 03cf 08       		.byte	8
 1005 03d0 95       		.byte	-107
 1006 03d1 0A       		.byte	10
 1007 03d2 96       		.byte	-106
 1008 03d3 88       		.byte	-120
 1009 03d4 99       		.byte	-103
 1010 03d5 01       		.byte	1
 1011 03d6 9C       		.byte	-100
 1012 03d7 A2       		.byte	-94
 1013 03d8 9D       		.byte	-99
 1014 03d9 C8       		.byte	-56
 1015 03da 9E       		.byte	-98
 1016 03db 40       		.byte	64
 1017 03dc 9F       		.byte	-97
 1018 03dd 14       		.byte	20
 1019 03de A0       		.byte	-96
 1020 03df 20       		.byte	32
 1021 03e0 A2       		.byte	-94
 1022 03e1 81       		.byte	-127
 1023 03e2 A3       		.byte	-93
 1024 03e3 09       		.byte	9
 1025 03e4 A4       		.byte	-92
 1026 03e5 88       		.byte	-120
ARM GAS  C:\Users\nikod\AppData\Local\Temp\ccIHNTGV.s 			page 19


 1027 03e6 A5       		.byte	-91
 1028 03e7 42       		.byte	66
 1029 03e8 A6       		.byte	-90
 1030 03e9 10       		.byte	16
 1031 03ea A8       		.byte	-88
 1032 03eb 20       		.byte	32
 1033 03ec AA       		.byte	-86
 1034 03ed 10       		.byte	16
 1035 03ee AE       		.byte	-82
 1036 03ef 01       		.byte	1
 1037 03f0 AF       		.byte	-81
 1038 03f1 18       		.byte	24
 1039 03f2 B4       		.byte	-76
 1040 03f3 40       		.byte	64
 1041 03f4 C0       		.byte	-64
 1042 03f5 57       		.byte	87
 1043 03f6 C2       		.byte	-62
 1044 03f7 8F       		.byte	-113
 1045 03f8 C4       		.byte	-60
 1046 03f9 AE       		.byte	-82
 1047 03fa CA       		.byte	-54
 1048 03fb C8       		.byte	-56
 1049 03fc CC       		.byte	-52
 1050 03fd A6       		.byte	-90
 1051 03fe CE       		.byte	-50
 1052 03ff 3E       		.byte	62
 1053 0400 D0       		.byte	-48
 1054 0401 E0       		.byte	-32
 1055 0402 D2       		.byte	-46
 1056 0403 30       		.byte	48
 1057 0404 D6       		.byte	-42
 1058 0405 80       		.byte	-128
 1059 0406 D8       		.byte	-40
 1060 0407 B0       		.byte	-80
 1061 0408 E2       		.byte	-30
 1062 0409 08       		.byte	8
 1063 040a E6       		.byte	-26
 1064 040b 08       		.byte	8
 1065 040c EA       		.byte	-22
 1066 040d 08       		.byte	8
 1067 040e EE       		.byte	-18
 1068 040f 04       		.byte	4
 1069 0410 84       		.byte	-124
 1070 0411 04       		.byte	4
 1071 0412 86       		.byte	-122
 1072 0413 03       		.byte	3
 1073 0414 8E       		.byte	-114
 1074 0415 08       		.byte	8
 1075 0416 98       		.byte	-104
 1076 0417 35       		.byte	53
 1077 0418 9A       		.byte	-102
 1078 0419 02       		.byte	2
 1079 041a 9C       		.byte	-100
 1080 041b 03       		.byte	3
 1081 041c 9E       		.byte	-98
 1082 041d 2C       		.byte	44
 1083 041e A4       		.byte	-92
ARM GAS  C:\Users\nikod\AppData\Local\Temp\ccIHNTGV.s 			page 20


 1084 041f 01       		.byte	1
 1085 0420 A6       		.byte	-90
 1086 0421 1E       		.byte	30
 1087 0422 B0       		.byte	-80
 1088 0423 38       		.byte	56
 1089 0424 B4       		.byte	-76
 1090 0425 07       		.byte	7
 1091 0426 BA       		.byte	-70
 1092 0427 20       		.byte	32
 1093 0428 D8       		.byte	-40
 1094 0429 04       		.byte	4
 1095 042a DF       		.byte	-33
 1096 042b 01       		.byte	1
 1097 042c 00       		.byte	0
 1098 042d 40       		.byte	64
 1099 042e 03       		.byte	3
 1100 042f 20       		.byte	32
 1101 0430 04       		.byte	4
 1102 0431 04       		.byte	4
 1103 0432 07       		.byte	7
 1104 0433 48       		.byte	72
 1105 0434 09       		.byte	9
 1106 0435 A0       		.byte	-96
 1107 0436 0D       		.byte	13
 1108 0437 01       		.byte	1
 1109 0438 0E       		.byte	14
 1110 0439 19       		.byte	25
 1111 043a 12       		.byte	18
 1112 043b 20       		.byte	32
 1113 043c 14       		.byte	20
 1114 043d 01       		.byte	1
 1115 043e 15       		.byte	21
 1116 043f 10       		.byte	16
 1117 0440 16       		.byte	22
 1118 0441 12       		.byte	18
 1119 0442 17       		.byte	23
 1120 0443 11       		.byte	17
 1121 0444 18       		.byte	24
 1122 0445 40       		.byte	64
 1123 0446 19       		.byte	25
 1124 0447 10       		.byte	16
 1125 0448 1B       		.byte	27
 1126 0449 20       		.byte	32
 1127 044a 1F       		.byte	31
 1128 044b 10       		.byte	16
 1129 044c 26       		.byte	38
 1130 044d 22       		.byte	34
 1131 044e 27       		.byte	39
 1132 044f 4C       		.byte	76
 1133 0450 2C       		.byte	44
 1134 0451 01       		.byte	1
 1135 0452 2D       		.byte	45
 1136 0453 10       		.byte	16
 1137 0454 2E       		.byte	46
 1138 0455 01       		.byte	1
 1139 0456 2F       		.byte	47
 1140 0457 10       		.byte	16
ARM GAS  C:\Users\nikod\AppData\Local\Temp\ccIHNTGV.s 			page 21


 1141 0458 36       		.byte	54
 1142 0459 24       		.byte	36
 1143 045a 37       		.byte	55
 1144 045b 81       		.byte	-127
 1145 045c 3C       		.byte	60
 1146 045d 84       		.byte	-124
 1147 045e 3D       		.byte	61
 1148 045f 01       		.byte	1
 1149 0460 3E       		.byte	62
 1150 0461 10       		.byte	16
 1151 0462 45       		.byte	69
 1152 0463 A0       		.byte	-96
 1153 0464 47       		.byte	71
 1154 0465 08       		.byte	8
 1155 0466 4C       		.byte	76
 1156 0467 01       		.byte	1
 1157 0468 4D       		.byte	77
 1158 0469 21       		.byte	33
 1159 046a 4F       		.byte	79
 1160 046b 04       		.byte	4
 1161 046c 56       		.byte	86
 1162 046d 11       		.byte	17
 1163 046e 57       		.byte	87
 1164 046f 48       		.byte	72
 1165 0470 5D       		.byte	93
 1166 0471 40       		.byte	64
 1167 0472 6C       		.byte	108
 1168 0473 20       		.byte	32
 1169 0474 6E       		.byte	110
 1170 0475 20       		.byte	32
 1171 0476 6F       		.byte	111
 1172 0477 02       		.byte	2
 1173 0478 74       		.byte	116
 1174 0479 90       		.byte	-112
 1175 047a 76       		.byte	118
 1176 047b 20       		.byte	32
 1177 047c 86       		.byte	-122
 1178 047d 30       		.byte	48
 1179 047e 8A       		.byte	-118
 1180 047f 10       		.byte	16
 1181 0480 8B       		.byte	-117
 1182 0481 02       		.byte	2
 1183 0482 8F       		.byte	-113
 1184 0483 01       		.byte	1
 1185 0484 A4       		.byte	-92
 1186 0485 10       		.byte	16
 1187 0486 AC       		.byte	-84
 1188 0487 10       		.byte	16
 1189 0488 C0       		.byte	-64
 1190 0489 75       		.byte	117
 1191 048a C2       		.byte	-62
 1192 048b F3       		.byte	-13
 1193 048c C4       		.byte	-60
 1194 048d F4       		.byte	-12
 1195 048e CA       		.byte	-54
 1196 048f F0       		.byte	-16
 1197 0490 CC       		.byte	-52
ARM GAS  C:\Users\nikod\AppData\Local\Temp\ccIHNTGV.s 			page 22


 1198 0491 F0       		.byte	-16
 1199 0492 CE       		.byte	-50
 1200 0493 F0       		.byte	-16
 1201 0494 D0       		.byte	-48
 1202 0495 70       		.byte	112
 1203 0496 D2       		.byte	-46
 1204 0497 30       		.byte	48
 1205 0498 D6       		.byte	-42
 1206 0499 10       		.byte	16
 1207 049a E0       		.byte	-32
 1208 049b 40       		.byte	64
 1209 049c E6       		.byte	-26
 1210 049d A0       		.byte	-96
 1211 049e EC       		.byte	-20
 1212 049f 10       		.byte	16
 1213 04a0 EE       		.byte	-18
 1214 04a1 04       		.byte	4
 1215 04a2 05       		.byte	5
 1216 04a3 01       		.byte	1
 1217 04a4 09       		.byte	9
 1218 04a5 01       		.byte	1
 1219 04a6 0D       		.byte	13
 1220 04a7 02       		.byte	2
 1221 04a8 0F       		.byte	15
 1222 04a9 01       		.byte	1
 1223 04aa 13       		.byte	19
 1224 04ab 01       		.byte	1
 1225 04ac 15       		.byte	21
 1226 04ad 01       		.byte	1
 1227 04ae 17       		.byte	23
 1228 04af 02       		.byte	2
 1229 04b0 19       		.byte	25
 1230 04b1 02       		.byte	2
 1231 04b2 1B       		.byte	27
 1232 04b3 01       		.byte	1
 1233 04b4 1D       		.byte	29
 1234 04b5 01       		.byte	1
 1235 04b6 21       		.byte	33
 1236 04b7 01       		.byte	1
 1237 04b8 25       		.byte	37
 1238 04b9 03       		.byte	3
 1239 04ba 35       		.byte	53
 1240 04bb 03       		.byte	3
 1241 04bc 3B       		.byte	59
 1242 04bd 20       		.byte	32
 1243 04be 56       		.byte	86
 1244 04bf 02       		.byte	2
 1245 04c0 57       		.byte	87
 1246 04c1 24       		.byte	36
 1247 04c2 59       		.byte	89
 1248 04c3 04       		.byte	4
 1249 04c4 5B       		.byte	91
 1250 04c5 04       		.byte	4
 1251 04c6 5F       		.byte	95
 1252 04c7 01       		.byte	1
 1253 04c8 80       		.byte	-128
 1254 04c9 46       		.byte	70
ARM GAS  C:\Users\nikod\AppData\Local\Temp\ccIHNTGV.s 			page 23


 1255 04ca 81       		.byte	-127
 1256 04cb C1       		.byte	-63
 1257 04cc 84       		.byte	-124
 1258 04cd 42       		.byte	66
 1259 04ce 85       		.byte	-123
 1260 04cf C1       		.byte	-63
 1261 04d0 88       		.byte	-120
 1262 04d1 77       		.byte	119
 1263 04d2 89       		.byte	-119
 1264 04d3 C0       		.byte	-64
 1265 04d4 8A       		.byte	-118
 1266 04d5 08       		.byte	8
 1267 04d6 8C       		.byte	-116
 1268 04d7 46       		.byte	70
 1269 04d8 8D       		.byte	-115
 1270 04d9 10       		.byte	16
 1271 04da 91       		.byte	-111
 1272 04db 04       		.byte	4
 1273 04dc 95       		.byte	-107
 1274 04dd 07       		.byte	7
 1275 04de 96       		.byte	-106
 1276 04df 46       		.byte	70
 1277 04e0 97       		.byte	-105
 1278 04e1 18       		.byte	24
 1279 04e2 98       		.byte	-104
 1280 04e3 01       		.byte	1
 1281 04e4 99       		.byte	-103
 1282 04e5 01       		.byte	1
 1283 04e6 9A       		.byte	-102
 1284 04e7 5E       		.byte	94
 1285 04e8 9C       		.byte	-100
 1286 04e9 39       		.byte	57
 1287 04ea 9D       		.byte	-99
 1288 04eb C1       		.byte	-63
 1289 04ec 9E       		.byte	-98
 1290 04ed 06       		.byte	6
 1291 04ee A0       		.byte	-96
 1292 04ef 04       		.byte	4
 1293 04f0 A1       		.byte	-95
 1294 04f1 08       		.byte	8
 1295 04f2 A2       		.byte	-94
 1296 04f3 20       		.byte	32
 1297 04f4 A3       		.byte	-93
 1298 04f5 21       		.byte	33
 1299 04f6 A4       		.byte	-92
 1300 04f7 42       		.byte	66
 1301 04f8 A5       		.byte	-91
 1302 04f9 22       		.byte	34
 1303 04fa A6       		.byte	-90
 1304 04fb 04       		.byte	4
 1305 04fc A7       		.byte	-89
 1306 04fd 08       		.byte	8
 1307 04fe AB       		.byte	-85
 1308 04ff 80       		.byte	-128
 1309 0500 AC       		.byte	-84
 1310 0501 46       		.byte	70
 1311 0502 AD       		.byte	-83
ARM GAS  C:\Users\nikod\AppData\Local\Temp\ccIHNTGV.s 			page 24


 1312 0503 01       		.byte	1
 1313 0504 AF       		.byte	-81
 1314 0505 C0       		.byte	-64
 1315 0506 B0       		.byte	-80
 1316 0507 08       		.byte	8
 1317 0508 B1       		.byte	-79
 1318 0509 3F       		.byte	63
 1319 050a B4       		.byte	-76
 1320 050b 70       		.byte	112
 1321 050c B5       		.byte	-75
 1322 050d 80       		.byte	-128
 1323 050e B6       		.byte	-74
 1324 050f 0F       		.byte	15
 1325 0510 B7       		.byte	-73
 1326 0511 40       		.byte	64
 1327 0512 B8       		.byte	-72
 1328 0513 80       		.byte	-128
 1329 0514 B9       		.byte	-71
 1330 0515 02       		.byte	2
 1331 0516 BA       		.byte	-70
 1332 0517 30       		.byte	48
 1333 0518 BE       		.byte	-66
 1334 0519 01       		.byte	1
 1335 051a BF       		.byte	-65
 1336 051b 51       		.byte	81
 1337 051c D4       		.byte	-44
 1338 051d 09       		.byte	9
 1339 051e D8       		.byte	-40
 1340 051f 04       		.byte	4
 1341 0520 D9       		.byte	-39
 1342 0521 04       		.byte	4
 1343 0522 DB       		.byte	-37
 1344 0523 04       		.byte	4
 1345 0524 DF       		.byte	-33
 1346 0525 01       		.byte	1
 1347 0526 04       		.byte	4
 1348 0527 04       		.byte	4
 1349 0528 07       		.byte	7
 1350 0529 49       		.byte	73
 1351 052a 0E       		.byte	14
 1352 052b 19       		.byte	25
 1353 052c 15       		.byte	21
 1354 052d 09       		.byte	9
 1355 052e 16       		.byte	22
 1356 052f 02       		.byte	2
 1357 0530 1C       		.byte	28
 1358 0531 40       		.byte	64
 1359 0532 1D       		.byte	29
 1360 0533 A0       		.byte	-96
 1361 0534 1E       		.byte	30
 1362 0535 09       		.byte	9
 1363 0536 1F       		.byte	31
 1364 0537 60       		.byte	96
 1365 0538 20       		.byte	32
 1366 0539 04       		.byte	4
 1367 053a 22       		.byte	34
 1368 053b 20       		.byte	32
ARM GAS  C:\Users\nikod\AppData\Local\Temp\ccIHNTGV.s 			page 25


 1369 053c 24       		.byte	36
 1370 053d 0B       		.byte	11
 1371 053e 27       		.byte	39
 1372 053f 80       		.byte	-128
 1373 0540 2A       		.byte	42
 1374 0541 02       		.byte	2
 1375 0542 2B       		.byte	43
 1376 0543 20       		.byte	32
 1377 0544 2E       		.byte	46
 1378 0545 61       		.byte	97
 1379 0546 2F       		.byte	47
 1380 0547 28       		.byte	40
 1381 0548 32       		.byte	50
 1382 0549 20       		.byte	32
 1383 054a 33       		.byte	51
 1384 054b 45       		.byte	69
 1385 054c 36       		.byte	54
 1386 054d 22       		.byte	34
 1387 054e 37       		.byte	55
 1388 054f 48       		.byte	72
 1389 0550 39       		.byte	57
 1390 0551 18       		.byte	24
 1391 0552 3B       		.byte	59
 1392 0553 80       		.byte	-128
 1393 0554 3E       		.byte	62
 1394 0555 16       		.byte	22
 1395 0556 3F       		.byte	63
 1396 0557 80       		.byte	-128
 1397 0558 5C       		.byte	92
 1398 0559 41       		.byte	65
 1399 055a 5F       		.byte	95
 1400 055b 14       		.byte	20
 1401 055c 61       		.byte	97
 1402 055d 10       		.byte	16
 1403 055e 67       		.byte	103
 1404 055f 02       		.byte	2
 1405 0560 68       		.byte	104
 1406 0561 40       		.byte	64
 1407 0562 69       		.byte	105
 1408 0563 1A       		.byte	26
 1409 0564 6A       		.byte	106
 1410 0565 54       		.byte	84
 1411 0566 6B       		.byte	107
 1412 0567 51       		.byte	81
 1413 0568 72       		.byte	114
 1414 0569 02       		.byte	2
 1415 056a 81       		.byte	-127
 1416 056b 80       		.byte	-128
 1417 056c 82       		.byte	-126
 1418 056d 10       		.byte	16
 1419 056e 83       		.byte	-125
 1420 056f 10       		.byte	16
 1421 0570 85       		.byte	-123
 1422 0571 01       		.byte	1
 1423 0572 87       		.byte	-121
 1424 0573 30       		.byte	48
 1425 0574 89       		.byte	-119
ARM GAS  C:\Users\nikod\AppData\Local\Temp\ccIHNTGV.s 			page 26


 1426 0575 01       		.byte	1
 1427 0576 8A       		.byte	-118
 1428 0577 22       		.byte	34
 1429 0578 8B       		.byte	-117
 1430 0579 01       		.byte	1
 1431 057a 8C       		.byte	-116
 1432 057b 04       		.byte	4
 1433 057c 8E       		.byte	-114
 1434 057d 01       		.byte	1
 1435 057e 91       		.byte	-111
 1436 057f 01       		.byte	1
 1437 0580 93       		.byte	-109
 1438 0581 06       		.byte	6
 1439 0582 94       		.byte	-108
 1440 0583 06       		.byte	6
 1441 0584 95       		.byte	-107
 1442 0585 02       		.byte	2
 1443 0586 96       		.byte	-106
 1444 0587 11       		.byte	17
 1445 0588 99       		.byte	-103
 1446 0589 10       		.byte	16
 1447 058a 9A       		.byte	-102
 1448 058b 01       		.byte	1
 1449 058c 9B       		.byte	-101
 1450 058d 0C       		.byte	12
 1451 058e 9E       		.byte	-98
 1452 058f 02       		.byte	2
 1453 0590 9F       		.byte	-97
 1454 0591 91       		.byte	-111
 1455 0592 A2       		.byte	-94
 1456 0593 02       		.byte	2
 1457 0594 A3       		.byte	-93
 1458 0595 48       		.byte	72
 1459 0596 A4       		.byte	-92
 1460 0597 40       		.byte	64
 1461 0598 A5       		.byte	-91
 1462 0599 A0       		.byte	-96
 1463 059a A6       		.byte	-90
 1464 059b 04       		.byte	4
 1465 059c A8       		.byte	-88
 1466 059d C0       		.byte	-64
 1467 059e AC       		.byte	-84
 1468 059f 20       		.byte	32
 1469 05a0 B3       		.byte	-77
 1470 05a1 08       		.byte	8
 1471 05a2 B5       		.byte	-75
 1472 05a3 60       		.byte	96
 1473 05a4 C0       		.byte	-64
 1474 05a5 F0       		.byte	-16
 1475 05a6 C2       		.byte	-62
 1476 05a7 E0       		.byte	-32
 1477 05a8 C4       		.byte	-60
 1478 05a9 B0       		.byte	-80
 1479 05aa CA       		.byte	-54
 1480 05ab F3       		.byte	-13
 1481 05ac CC       		.byte	-52
 1482 05ad FF       		.byte	-1
ARM GAS  C:\Users\nikod\AppData\Local\Temp\ccIHNTGV.s 			page 27


 1483 05ae CE       		.byte	-50
 1484 05af FE       		.byte	-2
 1485 05b0 D6       		.byte	-42
 1486 05b1 F0       		.byte	-16
 1487 05b2 D8       		.byte	-40
 1488 05b3 14       		.byte	20
 1489 05b4 E2       		.byte	-30
 1490 05b5 B0       		.byte	-80
 1491 05b6 E6       		.byte	-26
 1492 05b7 E0       		.byte	-32
 1493 05b8 E8       		.byte	-24
 1494 05b9 40       		.byte	64
 1495 05ba EC       		.byte	-20
 1496 05bb 04       		.byte	4
 1497 05bc EE       		.byte	-18
 1498 05bd 80       		.byte	-128
 1499 05be 33       		.byte	51
 1500 05bf 80       		.byte	-128
 1501 05c0 36       		.byte	54
 1502 05c1 40       		.byte	64
 1503 05c2 CC       		.byte	-52
 1504 05c3 30       		.byte	48
 1505 05c4 A6       		.byte	-90
 1506 05c5 40       		.byte	64
 1507 05c6 A7       		.byte	-89
 1508 05c7 80       		.byte	-128
 1509 05c8 A6       		.byte	-90
 1510 05c9 40       		.byte	64
 1511 05ca A7       		.byte	-89
 1512 05cb 80       		.byte	-128
 1513 05cc A6       		.byte	-90
 1514 05cd 40       		.byte	64
 1515 05ce A7       		.byte	-89
 1516 05cf 80       		.byte	-128
 1517 05d0 86       		.byte	-122
 1518 05d1 40       		.byte	64
 1519 05d2 A6       		.byte	-90
 1520 05d3 40       		.byte	64
 1521 05d4 AB       		.byte	-85
 1522 05d5 80       		.byte	-128
 1523 05d6 E6       		.byte	-26
 1524 05d7 40       		.byte	64
 1525 05d8 EE       		.byte	-18
 1526 05d9 20       		.byte	32
 1527 05da 02       		.byte	2
 1528 05db 20       		.byte	32
 1529 05dc 57       		.byte	87
 1530 05dd 08       		.byte	8
 1531 05de 86       		.byte	-122
 1532 05df 20       		.byte	32
 1533 05e0 A3       		.byte	-93
 1534 05e1 08       		.byte	8
 1535 05e2 AF       		.byte	-81
 1536 05e3 08       		.byte	8
 1537 05e4 C0       		.byte	-64
 1538 05e5 10       		.byte	16
 1539 05e6 D4       		.byte	-44
ARM GAS  C:\Users\nikod\AppData\Local\Temp\ccIHNTGV.s 			page 28


 1540 05e7 40       		.byte	64
 1541 05e8 E4       		.byte	-28
 1542 05e9 40       		.byte	64
 1543 05ea EE       		.byte	-18
 1544 05eb 40       		.byte	64
 1545 05ec 0D       		.byte	13
 1546 05ed 80       		.byte	-128
 1547 05ee 1D       		.byte	29
 1548 05ef 10       		.byte	16
 1549 05f0 61       		.byte	97
 1550 05f1 02       		.byte	2
 1551 05f2 66       		.byte	102
 1552 05f3 02       		.byte	2
 1553 05f4 9D       		.byte	-99
 1554 05f5 10       		.byte	16
 1555 05f6 A1       		.byte	-95
 1556 05f7 02       		.byte	2
 1557 05f8 A9       		.byte	-87
 1558 05f9 10       		.byte	16
 1559 05fa B5       		.byte	-75
 1560 05fb 02       		.byte	2
 1561 05fc C2       		.byte	-62
 1562 05fd 01       		.byte	1
 1563 05fe C6       		.byte	-58
 1564 05ff 01       		.byte	1
 1565 0600 D8       		.byte	-40
 1566 0601 03       		.byte	3
 1567 0602 EC       		.byte	-20
 1568 0603 08       		.byte	8
 1569 0604 AA       		.byte	-86
 1570 0605 02       		.byte	2
 1571 0606 B5       		.byte	-75
 1572 0607 80       		.byte	-128
 1573 0608 EA       		.byte	-22
 1574 0609 08       		.byte	8
 1575 060a 00       		.byte	0
 1576 060b 03       		.byte	3
 1577 060c 0A       		.byte	10
 1578 060d 03       		.byte	3
 1579 060e 10       		.byte	16
 1580 060f 03       		.byte	3
 1581 0610 1A       		.byte	26
 1582 0611 03       		.byte	3
 1583 0612 1C       		.byte	28
 1584 0613 03       		.byte	3
 1585 0614 00       		.byte	0
 1586 0615 0F       		.byte	15
 1587 0616 00       		.byte	0
 1588 0617 00       		.byte	0
 1589 0618 00       		.byte	0
 1590 0619 08       		.byte	8
 1591 061a 60       		.byte	96
 1592 061b 00       		.byte	0
 1593 061c 80       		.byte	-128
 1594 061d 04       		.byte	4
 1595 061e 00       		.byte	0
 1596 061f 00       		.byte	0
ARM GAS  C:\Users\nikod\AppData\Local\Temp\ccIHNTGV.s 			page 29


 1597 0620 1F       		.byte	31
 1598 0621 00       		.byte	0
 1599 0622 20       		.byte	32
 1600 0623 0C       		.byte	12
 1601 0624 00       		.byte	0
 1602 0625 0C       		.byte	12
 1603 0626 00       		.byte	0
 1604 0627 00       		.byte	0
 1605 0628 C0       		.byte	-64
 1606 0629 0C       		.byte	12
 1607 062a 02       		.byte	2
 1608 062b 00       		.byte	0
 1609 062c C0       		.byte	-64
 1610 062d 00       		.byte	0
 1611 062e 08       		.byte	8
 1612 062f 0F       		.byte	15
 1613 0630 7F       		.byte	127
 1614 0631 01       		.byte	1
 1615 0632 80       		.byte	-128
 1616 0633 02       		.byte	2
 1617 0634 00       		.byte	0
 1618 0635 10       		.byte	16
 1619 0636 FF       		.byte	-1
 1620 0637 00       		.byte	0
 1621 0638 90       		.byte	-112
 1622 0639 01       		.byte	1
 1623 063a 40       		.byte	64
 1624 063b 0E       		.byte	14
 1625 063c 00       		.byte	0
 1626 063d 10       		.byte	16
 1627 063e 9F       		.byte	-97
 1628 063f 00       		.byte	0
 1629 0640 C0       		.byte	-64
 1630 0641 04       		.byte	4
 1631 0642 04       		.byte	4
 1632 0643 08       		.byte	8
 1633 0644 C0       		.byte	-64
 1634 0645 0C       		.byte	12
 1635 0646 01       		.byte	1
 1636 0647 00       		.byte	0
 1637 0648 00       		.byte	0
 1638 0649 10       		.byte	16
 1639 064a 00       		.byte	0
 1640 064b 00       		.byte	0
 1641 064c FF       		.byte	-1
 1642 064d 0F       		.byte	15
 1643 064e 00       		.byte	0
 1644 064f 00       		.byte	0
 1645 0650 00       		.byte	0
 1646 0651 02       		.byte	2
 1647 0652 00       		.byte	0
 1648 0653 00       		.byte	0
 1649 0654 00       		.byte	0
 1650 0655 00       		.byte	0
 1651 0656 10       		.byte	16
 1652 0657 00       		.byte	0
 1653 0658 12       		.byte	18
ARM GAS  C:\Users\nikod\AppData\Local\Temp\ccIHNTGV.s 			page 30


 1654 0659 03       		.byte	3
 1655 065a 50       		.byte	80
 1656 065b 00       		.byte	0
 1657 065c 06       		.byte	6
 1658 065d CE       		.byte	-50
 1659 065e BB       		.byte	-69
 1660 065f FD       		.byte	-3
 1661 0660 3F       		.byte	63
 1662 0661 FF       		.byte	-1
 1663 0662 FF       		.byte	-1
 1664 0663 FF       		.byte	-1
 1665 0664 22       		.byte	34
 1666 0665 00       		.byte	0
 1667 0666 F0       		.byte	-16
 1668 0667 08       		.byte	8
 1669 0668 04       		.byte	4
 1670 0669 00       		.byte	0
 1671 066a 00       		.byte	0
 1672 066b 00       		.byte	0
 1673 066c 00       		.byte	0
 1674 066d 00       		.byte	0
 1675 066e 02       		.byte	2
 1676 066f 10       		.byte	16
 1677 0670 04       		.byte	4
 1678 0671 04       		.byte	4
 1679 0672 04       		.byte	4
 1680 0673 04       		.byte	4
 1681 0674 00       		.byte	0
 1682 0675 10       		.byte	16
 1683 0676 00       		.byte	0
 1684 0677 01       		.byte	1
 1685 0678 00       		.byte	0
 1686 0679 00       		.byte	0
 1687 067a C0       		.byte	-64
 1688 067b 00       		.byte	0
 1689 067c 40       		.byte	64
 1690 067d 01       		.byte	1
 1691 067e 10       		.byte	16
 1692 067f 11       		.byte	17
 1693 0680 C0       		.byte	-64
 1694 0681 01       		.byte	1
 1695 0682 00       		.byte	0
 1696 0683 11       		.byte	17
 1697 0684 40       		.byte	64
 1698 0685 01       		.byte	1
 1699 0686 40       		.byte	64
 1700 0687 01       		.byte	1
 1701 0688 00       		.byte	0
 1702 0689 00       		.byte	0
 1703 068a 00       		.byte	0
 1704 068b 00       		.byte	0
 1705 068c 00       		.byte	0
 1706 068d 00       		.byte	0
 1707 068e 00       		.byte	0
 1708 068f 00       		.byte	0
 1709 0690 00       		.byte	0
 1710 0691 00       		.byte	0
ARM GAS  C:\Users\nikod\AppData\Local\Temp\ccIHNTGV.s 			page 31


 1711 0692 00       		.byte	0
 1712 0693 00       		.byte	0
 1713 0694 00       		.byte	0
 1714 0695 00       		.byte	0
 1715 0696 00       		.byte	0
 1716 0697 00       		.byte	0
 1717 0698 00       		.byte	0
 1718 0699 7F       		.byte	127
 1719 069a 7F       		.byte	127
 1720 069b 00       		.byte	0
 1721 069c 00       		.byte	0
 1722 069d 00       		.byte	0
 1723 069e 00       		.byte	0
 1724 069f 00       		.byte	0
 1725 06a0 80       		.byte	-128
 1726 06a1 7B       		.byte	123
 1727 06a2 7B       		.byte	123
 1728 06a3 00       		.byte	0
 1729 06a4 60       		.byte	96
 1730 06a5 00       		.byte	0
 1731 06a6 00       		.byte	0
 1732 06a7 00       		.byte	0
 1733 06a8 02       		.byte	2
 1734 06a9 00       		.byte	0
 1735 06aa 01       		.byte	1
 1736 06ab 02       		.byte	2
 1737 06ac 02       		.byte	2
 1738 06ad 00       		.byte	0
 1739 06ae 02       		.byte	2
 1740 06af 00       		.byte	0
 1741 06b0 04       		.byte	4
 1742 06b1 00       		.byte	0
 1743 06b2 00       		.byte	0
 1744 06b3 00       		.byte	0
 1745 06b4 13       		.byte	19
 1746 06b5 00       		.byte	0
 1747 06b6 18       		.byte	24
 1748 06b7 01       		.byte	1
 1749              		.section	.cywolatch,"a",%progbits
 1750              		.align	2
 1751              		.type	cy_meta_wonvl, %object
 1752              		.size	cy_meta_wonvl, 4
 1753              	cy_meta_wonvl:
 1754 0000 BC       		.byte	-68
 1755 0001 90       		.byte	-112
 1756 0002 AC       		.byte	-84
 1757 0003 AF       		.byte	-81
 1758              		.section	.cycustnvl,"a",%progbits
 1759              		.align	2
 1760              		.type	cy_meta_custnvl, %object
 1761              		.size	cy_meta_custnvl, 4
 1762              	cy_meta_custnvl:
 1763 0000 00       		.byte	0
 1764 0001 00       		.byte	0
 1765 0002 40       		.byte	64
 1766 0003 05       		.byte	5
 1767              		.section	.cymeta,"a",%progbits
ARM GAS  C:\Users\nikod\AppData\Local\Temp\ccIHNTGV.s 			page 32


 1768              		.align	2
 1769              		.type	cy_metadata, %object
 1770              		.size	cy_metadata, 12
 1771              	cy_metadata:
 1772 0000 00       		.byte	0
 1773 0001 01       		.byte	1
 1774 0002 2E       		.byte	46
 1775 0003 16       		.byte	22
 1776 0004 10       		.byte	16
 1777 0005 69       		.byte	105
 1778 0006 00       		.byte	0
 1779 0007 01       		.byte	1
 1780 0008 00       		.byte	0
 1781 0009 00       		.byte	0
 1782 000a 00       		.byte	0
 1783 000b 00       		.byte	0
 1784              		.section	.cyflashprotect,"a",%progbits
 1785              		.align	2
 1786              		.type	cy_meta_flashprotect, %object
 1787              		.size	cy_meta_flashprotect, 256
 1788              	cy_meta_flashprotect:
 1789 0000 00000000 		.space	256
 1789      00000000 
 1789      00000000 
 1789      00000000 
 1789      00000000 
 1790              		.text
 1791              	.Letext0:
 1792              		.file 1 "c:\\program files (x86)\\cypress\\psoc creator\\4.2\\psoc creator\\import\\gnu\\arm\\5.4.
 1793              		.file 2 "c:\\program files (x86)\\cypress\\psoc creator\\4.2\\psoc creator\\import\\gnu\\arm\\5.4.
 1794              		.file 3 "Generated_Source\\PSoC5\\cymetadata.c"
 1795              		.section	.debug_info,"",%progbits
 1796              	.Ldebug_info0:
 1797 0000 35010000 		.4byte	0x135
 1798 0004 0400     		.2byte	0x4
 1799 0006 00000000 		.4byte	.Ldebug_abbrev0
 1800 000a 04       		.byte	0x4
 1801 000b 01       		.uleb128 0x1
 1802 000c 68000000 		.4byte	.LASF17
 1803 0010 0C       		.byte	0xc
 1804 0011 C2010000 		.4byte	.LASF18
 1805 0015 16000000 		.4byte	.LASF19
 1806 0019 00000000 		.4byte	.Ldebug_line0
 1807 001d 02       		.uleb128 0x2
 1808 001e 01       		.byte	0x1
 1809 001f 06       		.byte	0x6
 1810 0020 B6010000 		.4byte	.LASF0
 1811 0024 03       		.uleb128 0x3
 1812 0025 0C000000 		.4byte	.LASF9
 1813 0029 01       		.byte	0x1
 1814 002a 1D       		.byte	0x1d
 1815 002b 2F000000 		.4byte	0x2f
 1816 002f 02       		.uleb128 0x2
 1817 0030 01       		.byte	0x1
 1818 0031 08       		.byte	0x8
 1819 0032 5A000000 		.4byte	.LASF1
 1820 0036 02       		.uleb128 0x2
ARM GAS  C:\Users\nikod\AppData\Local\Temp\ccIHNTGV.s 			page 33


 1821 0037 02       		.byte	0x2
 1822 0038 05       		.byte	0x5
 1823 0039 A3010000 		.4byte	.LASF2
 1824 003d 02       		.uleb128 0x2
 1825 003e 02       		.byte	0x2
 1826 003f 07       		.byte	0x7
 1827 0040 08010000 		.4byte	.LASF3
 1828 0044 02       		.uleb128 0x2
 1829 0045 04       		.byte	0x4
 1830 0046 05       		.byte	0x5
 1831 0047 AD010000 		.4byte	.LASF4
 1832 004b 02       		.uleb128 0x2
 1833 004c 04       		.byte	0x4
 1834 004d 07       		.byte	0x7
 1835 004e F6000000 		.4byte	.LASF5
 1836 0052 02       		.uleb128 0x2
 1837 0053 08       		.byte	0x8
 1838 0054 05       		.byte	0x5
 1839 0055 95010000 		.4byte	.LASF6
 1840 0059 02       		.uleb128 0x2
 1841 005a 08       		.byte	0x8
 1842 005b 07       		.byte	0x7
 1843 005c 4A010000 		.4byte	.LASF7
 1844 0060 04       		.uleb128 0x4
 1845 0061 04       		.byte	0x4
 1846 0062 05       		.byte	0x5
 1847 0063 696E7400 		.ascii	"int\000"
 1848 0067 02       		.uleb128 0x2
 1849 0068 04       		.byte	0x4
 1850 0069 07       		.byte	0x7
 1851 006a 3D010000 		.4byte	.LASF8
 1852 006e 03       		.uleb128 0x3
 1853 006f 61010000 		.4byte	.LASF10
 1854 0073 02       		.byte	0x2
 1855 0074 18       		.byte	0x18
 1856 0075 24000000 		.4byte	0x24
 1857 0079 05       		.uleb128 0x5
 1858 007a 91000000 		.4byte	0x91
 1859 007e 8A000000 		.4byte	0x8a
 1860 0082 06       		.uleb128 0x6
 1861 0083 8A000000 		.4byte	0x8a
 1862 0087 B706     		.2byte	0x6b7
 1863 0089 00       		.byte	0
 1864 008a 02       		.uleb128 0x2
 1865 008b 04       		.byte	0x4
 1866 008c 07       		.byte	0x7
 1867 008d 8C010000 		.4byte	.LASF11
 1868 0091 07       		.uleb128 0x7
 1869 0092 6E000000 		.4byte	0x6e
 1870 0096 08       		.uleb128 0x8
 1871 0097 2B010000 		.4byte	.LASF12
 1872 009b 03       		.byte	0x3
 1873 009c 1F       		.byte	0x1f
 1874 009d A7000000 		.4byte	0xa7
 1875 00a1 05       		.uleb128 0x5
 1876 00a2 03       		.byte	0x3
 1877 00a3 00000000 		.4byte	cy_meta_configecc
ARM GAS  C:\Users\nikod\AppData\Local\Temp\ccIHNTGV.s 			page 34


 1878 00a7 07       		.uleb128 0x7
 1879 00a8 79000000 		.4byte	0x79
 1880 00ac 05       		.uleb128 0x5
 1881 00ad 91000000 		.4byte	0x91
 1882 00b1 BC000000 		.4byte	0xbc
 1883 00b5 09       		.uleb128 0x9
 1884 00b6 8A000000 		.4byte	0x8a
 1885 00ba 03       		.byte	0x3
 1886 00bb 00       		.byte	0
 1887 00bc 0A       		.uleb128 0xa
 1888 00bd 1B010000 		.4byte	.LASF13
 1889 00c1 03       		.byte	0x3
 1890 00c2 0301     		.2byte	0x103
 1891 00c4 CE000000 		.4byte	0xce
 1892 00c8 05       		.uleb128 0x5
 1893 00c9 03       		.byte	0x3
 1894 00ca 00000000 		.4byte	cy_meta_custnvl
 1895 00ce 07       		.uleb128 0x7
 1896 00cf AC000000 		.4byte	0xac
 1897 00d3 0A       		.uleb128 0xa
 1898 00d4 7E010000 		.4byte	.LASF14
 1899 00d8 03       		.byte	0x3
 1900 00d9 1101     		.2byte	0x111
 1901 00db E5000000 		.4byte	0xe5
 1902 00df 05       		.uleb128 0x5
 1903 00e0 03       		.byte	0x3
 1904 00e1 00000000 		.4byte	cy_meta_wonvl
 1905 00e5 07       		.uleb128 0x7
 1906 00e6 AC000000 		.4byte	0xac
 1907 00ea 05       		.uleb128 0x5
 1908 00eb 91000000 		.4byte	0x91
 1909 00ef FA000000 		.4byte	0xfa
 1910 00f3 09       		.uleb128 0x9
 1911 00f4 8A000000 		.4byte	0x8a
 1912 00f8 FF       		.byte	0xff
 1913 00f9 00       		.byte	0
 1914 00fa 0A       		.uleb128 0xa
 1915 00fb 69010000 		.4byte	.LASF15
 1916 00ff 03       		.byte	0x3
 1917 0100 1F01     		.2byte	0x11f
 1918 0102 0C010000 		.4byte	0x10c
 1919 0106 05       		.uleb128 0x5
 1920 0107 03       		.byte	0x3
 1921 0108 00000000 		.4byte	cy_meta_flashprotect
 1922 010c 07       		.uleb128 0x7
 1923 010d EA000000 		.4byte	0xea
 1924 0111 05       		.uleb128 0x5
 1925 0112 91000000 		.4byte	0x91
 1926 0116 21010000 		.4byte	0x121
 1927 011a 09       		.uleb128 0x9
 1928 011b 8A000000 		.4byte	0x8a
 1929 011f 0B       		.byte	0xb
 1930 0120 00       		.byte	0
 1931 0121 0A       		.uleb128 0xa
 1932 0122 00000000 		.4byte	.LASF16
 1933 0126 03       		.byte	0x3
 1934 0127 4C01     		.2byte	0x14c
ARM GAS  C:\Users\nikod\AppData\Local\Temp\ccIHNTGV.s 			page 35


 1935 0129 33010000 		.4byte	0x133
 1936 012d 05       		.uleb128 0x5
 1937 012e 03       		.byte	0x3
 1938 012f 00000000 		.4byte	cy_metadata
 1939 0133 07       		.uleb128 0x7
 1940 0134 11010000 		.4byte	0x111
 1941 0138 00       		.byte	0
 1942              		.section	.debug_abbrev,"",%progbits
 1943              	.Ldebug_abbrev0:
 1944 0000 01       		.uleb128 0x1
 1945 0001 11       		.uleb128 0x11
 1946 0002 01       		.byte	0x1
 1947 0003 25       		.uleb128 0x25
 1948 0004 0E       		.uleb128 0xe
 1949 0005 13       		.uleb128 0x13
 1950 0006 0B       		.uleb128 0xb
 1951 0007 03       		.uleb128 0x3
 1952 0008 0E       		.uleb128 0xe
 1953 0009 1B       		.uleb128 0x1b
 1954 000a 0E       		.uleb128 0xe
 1955 000b 10       		.uleb128 0x10
 1956 000c 17       		.uleb128 0x17
 1957 000d 00       		.byte	0
 1958 000e 00       		.byte	0
 1959 000f 02       		.uleb128 0x2
 1960 0010 24       		.uleb128 0x24
 1961 0011 00       		.byte	0
 1962 0012 0B       		.uleb128 0xb
 1963 0013 0B       		.uleb128 0xb
 1964 0014 3E       		.uleb128 0x3e
 1965 0015 0B       		.uleb128 0xb
 1966 0016 03       		.uleb128 0x3
 1967 0017 0E       		.uleb128 0xe
 1968 0018 00       		.byte	0
 1969 0019 00       		.byte	0
 1970 001a 03       		.uleb128 0x3
 1971 001b 16       		.uleb128 0x16
 1972 001c 00       		.byte	0
 1973 001d 03       		.uleb128 0x3
 1974 001e 0E       		.uleb128 0xe
 1975 001f 3A       		.uleb128 0x3a
 1976 0020 0B       		.uleb128 0xb
 1977 0021 3B       		.uleb128 0x3b
 1978 0022 0B       		.uleb128 0xb
 1979 0023 49       		.uleb128 0x49
 1980 0024 13       		.uleb128 0x13
 1981 0025 00       		.byte	0
 1982 0026 00       		.byte	0
 1983 0027 04       		.uleb128 0x4
 1984 0028 24       		.uleb128 0x24
 1985 0029 00       		.byte	0
 1986 002a 0B       		.uleb128 0xb
 1987 002b 0B       		.uleb128 0xb
 1988 002c 3E       		.uleb128 0x3e
 1989 002d 0B       		.uleb128 0xb
 1990 002e 03       		.uleb128 0x3
 1991 002f 08       		.uleb128 0x8
ARM GAS  C:\Users\nikod\AppData\Local\Temp\ccIHNTGV.s 			page 36


 1992 0030 00       		.byte	0
 1993 0031 00       		.byte	0
 1994 0032 05       		.uleb128 0x5
 1995 0033 01       		.uleb128 0x1
 1996 0034 01       		.byte	0x1
 1997 0035 49       		.uleb128 0x49
 1998 0036 13       		.uleb128 0x13
 1999 0037 01       		.uleb128 0x1
 2000 0038 13       		.uleb128 0x13
 2001 0039 00       		.byte	0
 2002 003a 00       		.byte	0
 2003 003b 06       		.uleb128 0x6
 2004 003c 21       		.uleb128 0x21
 2005 003d 00       		.byte	0
 2006 003e 49       		.uleb128 0x49
 2007 003f 13       		.uleb128 0x13
 2008 0040 2F       		.uleb128 0x2f
 2009 0041 05       		.uleb128 0x5
 2010 0042 00       		.byte	0
 2011 0043 00       		.byte	0
 2012 0044 07       		.uleb128 0x7
 2013 0045 26       		.uleb128 0x26
 2014 0046 00       		.byte	0
 2015 0047 49       		.uleb128 0x49
 2016 0048 13       		.uleb128 0x13
 2017 0049 00       		.byte	0
 2018 004a 00       		.byte	0
 2019 004b 08       		.uleb128 0x8
 2020 004c 34       		.uleb128 0x34
 2021 004d 00       		.byte	0
 2022 004e 03       		.uleb128 0x3
 2023 004f 0E       		.uleb128 0xe
 2024 0050 3A       		.uleb128 0x3a
 2025 0051 0B       		.uleb128 0xb
 2026 0052 3B       		.uleb128 0x3b
 2027 0053 0B       		.uleb128 0xb
 2028 0054 49       		.uleb128 0x49
 2029 0055 13       		.uleb128 0x13
 2030 0056 3F       		.uleb128 0x3f
 2031 0057 19       		.uleb128 0x19
 2032 0058 02       		.uleb128 0x2
 2033 0059 18       		.uleb128 0x18
 2034 005a 00       		.byte	0
 2035 005b 00       		.byte	0
 2036 005c 09       		.uleb128 0x9
 2037 005d 21       		.uleb128 0x21
 2038 005e 00       		.byte	0
 2039 005f 49       		.uleb128 0x49
 2040 0060 13       		.uleb128 0x13
 2041 0061 2F       		.uleb128 0x2f
 2042 0062 0B       		.uleb128 0xb
 2043 0063 00       		.byte	0
 2044 0064 00       		.byte	0
 2045 0065 0A       		.uleb128 0xa
 2046 0066 34       		.uleb128 0x34
 2047 0067 00       		.byte	0
 2048 0068 03       		.uleb128 0x3
ARM GAS  C:\Users\nikod\AppData\Local\Temp\ccIHNTGV.s 			page 37


 2049 0069 0E       		.uleb128 0xe
 2050 006a 3A       		.uleb128 0x3a
 2051 006b 0B       		.uleb128 0xb
 2052 006c 3B       		.uleb128 0x3b
 2053 006d 05       		.uleb128 0x5
 2054 006e 49       		.uleb128 0x49
 2055 006f 13       		.uleb128 0x13
 2056 0070 3F       		.uleb128 0x3f
 2057 0071 19       		.uleb128 0x19
 2058 0072 02       		.uleb128 0x2
 2059 0073 18       		.uleb128 0x18
 2060 0074 00       		.byte	0
 2061 0075 00       		.byte	0
 2062 0076 00       		.byte	0
 2063              		.section	.debug_aranges,"",%progbits
 2064 0000 14000000 		.4byte	0x14
 2065 0004 0200     		.2byte	0x2
 2066 0006 00000000 		.4byte	.Ldebug_info0
 2067 000a 04       		.byte	0x4
 2068 000b 00       		.byte	0
 2069 000c 0000     		.2byte	0
 2070 000e 0000     		.2byte	0
 2071 0010 00000000 		.4byte	0
 2072 0014 00000000 		.4byte	0
 2073              		.section	.debug_line,"",%progbits
 2074              	.Ldebug_line0:
 2075 0000 3D010000 		.section	.debug_str,"MS",%progbits,1
 2075      02003701 
 2075      00000201 
 2075      FB0E0D00 
 2075      01010101 
 2076              	.LASF16:
 2077 0000 63795F6D 		.ascii	"cy_metadata\000"
 2077      65746164 
 2077      61746100 
 2078              	.LASF9:
 2079 000c 5F5F7569 		.ascii	"__uint8_t\000"
 2079      6E74385F 
 2079      7400
 2080              	.LASF19:
 2081 0016 433A5C55 		.ascii	"C:\\Users\\nikod\\Documents\\PSoC Creator\\bluetoot"
 2081      73657273 
 2081      5C6E696B 
 2081      6F645C44 
 2081      6F63756D 
 2082 0044 685F7073 		.ascii	"h_psoc\\Design01.cydsn\000"
 2082      6F635C44 
 2082      65736967 
 2082      6E30312E 
 2082      63796473 
 2083              	.LASF1:
 2084 005a 756E7369 		.ascii	"unsigned char\000"
 2084      676E6564 
 2084      20636861 
 2084      7200
 2085              	.LASF17:
 2086 0068 474E5520 		.ascii	"GNU C11 5.4.1 20160609 (release) [ARM/embedded-5-br"
ARM GAS  C:\Users\nikod\AppData\Local\Temp\ccIHNTGV.s 			page 38


 2086      43313120 
 2086      352E342E 
 2086      31203230 
 2086      31363036 
 2087 009b 616E6368 		.ascii	"anch revision 237715] -mcpu=cortex-m3 -mthumb -g -O"
 2087      20726576 
 2087      6973696F 
 2087      6E203233 
 2087      37373135 
 2088 00ce 67202D66 		.ascii	"g -ffunction-sections -ffat-lto-objects\000"
 2088      66756E63 
 2088      74696F6E 
 2088      2D736563 
 2088      74696F6E 
 2089              	.LASF5:
 2090 00f6 6C6F6E67 		.ascii	"long unsigned int\000"
 2090      20756E73 
 2090      69676E65 
 2090      6420696E 
 2090      7400
 2091              	.LASF3:
 2092 0108 73686F72 		.ascii	"short unsigned int\000"
 2092      7420756E 
 2092      7369676E 
 2092      65642069 
 2092      6E7400
 2093              	.LASF13:
 2094 011b 63795F6D 		.ascii	"cy_meta_custnvl\000"
 2094      6574615F 
 2094      63757374 
 2094      6E766C00 
 2095              	.LASF12:
 2096 012b 63795F6D 		.ascii	"cy_meta_configecc\000"
 2096      6574615F 
 2096      636F6E66 
 2096      69676563 
 2096      6300
 2097              	.LASF8:
 2098 013d 756E7369 		.ascii	"unsigned int\000"
 2098      676E6564 
 2098      20696E74 
 2098      00
 2099              	.LASF7:
 2100 014a 6C6F6E67 		.ascii	"long long unsigned int\000"
 2100      206C6F6E 
 2100      6720756E 
 2100      7369676E 
 2100      65642069 
 2101              	.LASF10:
 2102 0161 75696E74 		.ascii	"uint8_t\000"
 2102      385F7400 
 2103              	.LASF15:
 2104 0169 63795F6D 		.ascii	"cy_meta_flashprotect\000"
 2104      6574615F 
 2104      666C6173 
 2104      6870726F 
 2104      74656374 
ARM GAS  C:\Users\nikod\AppData\Local\Temp\ccIHNTGV.s 			page 39


 2105              	.LASF14:
 2106 017e 63795F6D 		.ascii	"cy_meta_wonvl\000"
 2106      6574615F 
 2106      776F6E76 
 2106      6C00
 2107              	.LASF11:
 2108 018c 73697A65 		.ascii	"sizetype\000"
 2108      74797065 
 2108      00
 2109              	.LASF6:
 2110 0195 6C6F6E67 		.ascii	"long long int\000"
 2110      206C6F6E 
 2110      6720696E 
 2110      7400
 2111              	.LASF2:
 2112 01a3 73686F72 		.ascii	"short int\000"
 2112      7420696E 
 2112      7400
 2113              	.LASF4:
 2114 01ad 6C6F6E67 		.ascii	"long int\000"
 2114      20696E74 
 2114      00
 2115              	.LASF0:
 2116 01b6 7369676E 		.ascii	"signed char\000"
 2116      65642063 
 2116      68617200 
 2117              	.LASF18:
 2118 01c2 47656E65 		.ascii	"Generated_Source\\PSoC5\\cymetadata.c\000"
 2118      72617465 
 2118      645F536F 
 2118      75726365 
 2118      5C50536F 
 2119              		.ident	"GCC: (GNU Tools for ARM Embedded Processors) 5.4.1 20160609 (release) [ARM/embedded-5-bran
