ARM GAS  C:\Users\jefer\AppData\Local\Temp\ccexkEbm.s 			page 1


   1              		.syntax unified
   2              		.cpu cortex-m3
   3              		.fpu softvfp
   4              		.eabi_attribute 20, 1
   5              		.eabi_attribute 21, 1
   6              		.eabi_attribute 23, 3
   7              		.eabi_attribute 24, 1
   8              		.eabi_attribute 25, 1
   9              		.eabi_attribute 26, 1
  10              		.eabi_attribute 30, 1
  11              		.eabi_attribute 34, 1
  12              		.eabi_attribute 18, 4
  13              		.thumb
  14              		.syntax unified
  15              		.file	"main.c"
  16              		.text
  17              	.Ltext0:
  18              		.cfi_sections	.debug_frame
  19              		.section	.text.InterrupRx,"ax",%progbits
  20              		.align	2
  21              		.global	InterrupRx
  22              		.thumb
  23              		.thumb_func
  24              		.type	InterrupRx, %function
  25              	InterrupRx:
  26              	.LFB63:
  27              		.file 1 "main.c"
   1:main.c        **** /* ========================================
   2:main.c        ****  *
   3:main.c        ****  * Copyright YOUR COMPANY, THE YEAR
   4:main.c        ****  * All Rights Reserved
   5:main.c        ****  * UNPUBLISHED, LICENSED SOFTWARE.
   6:main.c        ****  *
   7:main.c        ****  * CONFIDENTIAL AND PROPRIETARY INFORMATION
   8:main.c        ****  * WHICH IS THE PROPERTY OF your company.
   9:main.c        ****  *
  10:main.c        ****  * ========================================
  11:main.c        **** */
  12:main.c        **** #include "project.h"
  13:main.c        **** char dato_bluetooht;
  14:main.c        **** int fila=0;
  15:main.c        **** int columna=0;
  16:main.c        **** 
  17:main.c        **** CY_ISR(InterrupRx){
  28              		.loc 1 17 0
  29              		.cfi_startproc
  30              		@ args = 0, pretend = 0, frame = 0
  31              		@ frame_needed = 0, uses_anonymous_args = 0
  32 0000 10B5     		push	{r4, lr}
  33              		.cfi_def_cfa_offset 8
  34              		.cfi_offset 4, -8
  35              		.cfi_offset 14, -4
  18:main.c        ****     dato_bluetooht=UART_GetChar();
  36              		.loc 1 18 0
  37 0002 FFF7FEFF 		bl	UART_GetChar
  38              	.LVL0:
  39 0006 114B     		ldr	r3, .L5
ARM GAS  C:\Users\jefer\AppData\Local\Temp\ccexkEbm.s 			page 2


  40 0008 1870     		strb	r0, [r3]
  19:main.c        ****     fila=fila + 1;
  41              		.loc 1 19 0
  42 000a 114A     		ldr	r2, .L5+4
  43 000c 1368     		ldr	r3, [r2]
  44 000e 0133     		adds	r3, r3, #1
  45 0010 1360     		str	r3, [r2]
  20:main.c        ****     if(fila==15){
  46              		.loc 1 20 0
  47 0012 0F2B     		cmp	r3, #15
  48 0014 05D1     		bne	.L2
  21:main.c        ****         fila=0;
  49              		.loc 1 21 0
  50 0016 1346     		mov	r3, r2
  51 0018 0022     		movs	r2, #0
  52 001a 1A60     		str	r2, [r3]
  22:main.c        ****         columna=columna+1;
  53              		.loc 1 22 0
  54 001c 5A68     		ldr	r2, [r3, #4]
  55 001e 0132     		adds	r2, r2, #1
  56 0020 5A60     		str	r2, [r3, #4]
  57              	.L2:
  23:main.c        ****     }
  24:main.c        ****     if(columna>1){
  58              		.loc 1 24 0
  59 0022 0B4B     		ldr	r3, .L5+4
  60 0024 5B68     		ldr	r3, [r3, #4]
  61 0026 012B     		cmp	r3, #1
  62 0028 02DD     		ble	.L3
  25:main.c        ****         columna=0;
  63              		.loc 1 25 0
  64 002a 0022     		movs	r2, #0
  65 002c 084B     		ldr	r3, .L5+4
  66 002e 5A60     		str	r2, [r3, #4]
  67              	.L3:
  26:main.c        ****     }
  27:main.c        ****     LCD_Position(columna,fila);
  68              		.loc 1 27 0
  69 0030 074B     		ldr	r3, .L5+4
  70 0032 1978     		ldrb	r1, [r3]	@ zero_extendqisi2
  71 0034 1879     		ldrb	r0, [r3, #4]	@ zero_extendqisi2
  72 0036 FFF7FEFF 		bl	LCD_Position
  73              	.LVL1:
  28:main.c        ****     LCD_PutChar(dato_bluetooht);
  74              		.loc 1 28 0
  75 003a 044C     		ldr	r4, .L5
  76 003c 2078     		ldrb	r0, [r4]	@ zero_extendqisi2
  77 003e FFF7FEFF 		bl	LCD_PutChar
  78              	.LVL2:
  29:main.c        ****     UART_PutChar(dato_bluetooht);
  79              		.loc 1 29 0
  80 0042 2078     		ldrb	r0, [r4]	@ zero_extendqisi2
  81 0044 FFF7FEFF 		bl	UART_PutChar
  82              	.LVL3:
  83 0048 10BD     		pop	{r4, pc}
  84              	.L6:
  85 004a 00BF     		.align	2
ARM GAS  C:\Users\jefer\AppData\Local\Temp\ccexkEbm.s 			page 3


  86              	.L5:
  87 004c 00000000 		.word	dato_bluetooht
  88 0050 00000000 		.word	.LANCHOR0
  89              		.cfi_endproc
  90              	.LFE63:
  91              		.size	InterrupRx, .-InterrupRx
  92              		.section	.text.main,"ax",%progbits
  93              		.align	2
  94              		.global	main
  95              		.thumb
  96              		.thumb_func
  97              		.type	main, %function
  98              	main:
  99              	.LFB64:
  30:main.c        **** }
  31:main.c        **** 
  32:main.c        **** int main(void)
  33:main.c        **** {
 100              		.loc 1 33 0
 101              		.cfi_startproc
 102              		@ Volatile: function does not return.
 103              		@ args = 0, pretend = 0, frame = 0
 104              		@ frame_needed = 0, uses_anonymous_args = 0
 105 0000 08B5     		push	{r3, lr}
 106              		.cfi_def_cfa_offset 8
 107              		.cfi_offset 3, -8
 108              		.cfi_offset 14, -4
  34:main.c        ****     CyGlobalIntEnable; /* Enable global interrupts. */
 109              		.loc 1 34 0
 110              		.syntax unified
 111              	@ 34 "main.c" 1
 112 0002 62B6     		CPSIE   i
 113              	@ 0 "" 2
  35:main.c        ****     isrRX_StartEx(InterrupRx);
 114              		.loc 1 35 0
 115              		.thumb
 116              		.syntax unified
 117 0004 0748     		ldr	r0, .L10
 118 0006 FFF7FEFF 		bl	isrRX_StartEx
 119              	.LVL4:
  36:main.c        ****     //////////////////////////////////////////////////////////////
  37:main.c        ****     UART_Start();
 120              		.loc 1 37 0
 121 000a FFF7FEFF 		bl	UART_Start
 122              	.LVL5:
  38:main.c        ****     LCD_Start();
 123              		.loc 1 38 0
 124 000e FFF7FEFF 		bl	LCD_Start
 125              	.LVL6:
  39:main.c        ****     LCD_Position(0,0);
 126              		.loc 1 39 0
 127 0012 0021     		movs	r1, #0
 128 0014 0846     		mov	r0, r1
 129 0016 FFF7FEFF 		bl	LCD_Position
 130              	.LVL7:
  40:main.c        ****     LCD_PrintString("CBluetooth");
 131              		.loc 1 40 0
ARM GAS  C:\Users\jefer\AppData\Local\Temp\ccexkEbm.s 			page 4


 132 001a 0348     		ldr	r0, .L10+4
 133 001c FFF7FEFF 		bl	LCD_PrintString
 134              	.LVL8:
 135              	.L8:
 136 0020 FEE7     		b	.L8
 137              	.L11:
 138 0022 00BF     		.align	2
 139              	.L10:
 140 0024 00000000 		.word	InterrupRx
 141 0028 00000000 		.word	.LC0
 142              		.cfi_endproc
 143              	.LFE64:
 144              		.size	main, .-main
 145              		.global	columna
 146              		.global	fila
 147              		.comm	dato_bluetooht,1,1
 148              		.section	.rodata.str1.4,"aMS",%progbits,1
 149              		.align	2
 150              	.LC0:
 151 0000 43426C75 		.ascii	"CBluetooth\000"
 151      65746F6F 
 151      746800
 152              		.bss
 153              		.align	2
 154              		.set	.LANCHOR0,. + 0
 155              		.type	fila, %object
 156              		.size	fila, 4
 157              	fila:
 158 0000 00000000 		.space	4
 159              		.type	columna, %object
 160              		.size	columna, 4
 161              	columna:
 162 0004 00000000 		.space	4
 163              		.text
 164              	.Letext0:
 165              		.file 2 "c:\\program files (x86)\\cypress\\psoc creator\\4.2\\psoc creator\\import\\gnu\\arm\\5.4.
 166              		.file 3 "c:\\program files (x86)\\cypress\\psoc creator\\4.2\\psoc creator\\import\\gnu\\arm\\5.4.
 167              		.file 4 "Generated_Source\\PSoC5/core_cm3.h"
 168              		.file 5 "Generated_Source\\PSoC5/UART.h"
 169              		.file 6 "Generated_Source\\PSoC5/LCD.h"
 170              		.file 7 "Generated_Source\\PSoC5/isrRX.h"
 171              		.section	.debug_info,"",%progbits
 172              	.Ldebug_info0:
 173 0000 E5010000 		.4byte	0x1e5
 174 0004 0400     		.2byte	0x4
 175 0006 00000000 		.4byte	.Ldebug_abbrev0
 176 000a 04       		.byte	0x4
 177 000b 01       		.uleb128 0x1
 178 000c 8C000000 		.4byte	.LASF28
 179 0010 0C       		.byte	0xc
 180 0011 E6010000 		.4byte	.LASF29
 181 0015 19000000 		.4byte	.LASF30
 182 0019 00000000 		.4byte	.Ldebug_ranges0+0
 183 001d 00000000 		.4byte	0
 184 0021 00000000 		.4byte	.Ldebug_line0
 185 0025 02       		.uleb128 0x2
 186 0026 01       		.byte	0x1
ARM GAS  C:\Users\jefer\AppData\Local\Temp\ccexkEbm.s 			page 5


 187 0027 06       		.byte	0x6
 188 0028 28020000 		.4byte	.LASF0
 189 002c 02       		.uleb128 0x2
 190 002d 01       		.byte	0x1
 191 002e 08       		.byte	0x8
 192 002f 7E000000 		.4byte	.LASF1
 193 0033 02       		.uleb128 0x2
 194 0034 02       		.byte	0x2
 195 0035 05       		.byte	0x5
 196 0036 5E010000 		.4byte	.LASF2
 197 003a 02       		.uleb128 0x2
 198 003b 02       		.byte	0x2
 199 003c 07       		.byte	0x7
 200 003d 2C010000 		.4byte	.LASF3
 201 0041 03       		.uleb128 0x3
 202 0042 00000000 		.4byte	.LASF9
 203 0046 02       		.byte	0x2
 204 0047 3F       		.byte	0x3f
 205 0048 4C000000 		.4byte	0x4c
 206 004c 02       		.uleb128 0x2
 207 004d 04       		.byte	0x4
 208 004e 05       		.byte	0x5
 209 004f 13020000 		.4byte	.LASF4
 210 0053 02       		.uleb128 0x2
 211 0054 04       		.byte	0x4
 212 0055 07       		.byte	0x7
 213 0056 1A010000 		.4byte	.LASF5
 214 005a 02       		.uleb128 0x2
 215 005b 08       		.byte	0x8
 216 005c 05       		.byte	0x5
 217 005d D8010000 		.4byte	.LASF6
 218 0061 02       		.uleb128 0x2
 219 0062 08       		.byte	0x8
 220 0063 07       		.byte	0x7
 221 0064 8A010000 		.4byte	.LASF7
 222 0068 04       		.uleb128 0x4
 223 0069 04       		.byte	0x4
 224 006a 05       		.byte	0x5
 225 006b 696E7400 		.ascii	"int\000"
 226 006f 02       		.uleb128 0x2
 227 0070 04       		.byte	0x4
 228 0071 07       		.byte	0x7
 229 0072 7D010000 		.4byte	.LASF8
 230 0076 03       		.uleb128 0x3
 231 0077 BA010000 		.4byte	.LASF10
 232 007b 03       		.byte	0x3
 233 007c 2C       		.byte	0x2c
 234 007d 41000000 		.4byte	0x41
 235 0081 02       		.uleb128 0x2
 236 0082 04       		.byte	0x4
 237 0083 04       		.byte	0x4
 238 0084 6E000000 		.4byte	.LASF11
 239 0088 02       		.uleb128 0x2
 240 0089 08       		.byte	0x8
 241 008a 04       		.byte	0x4
 242 008b 57010000 		.4byte	.LASF12
 243 008f 02       		.uleb128 0x2
ARM GAS  C:\Users\jefer\AppData\Local\Temp\ccexkEbm.s 			page 6


 244 0090 01       		.byte	0x1
 245 0091 08       		.byte	0x8
 246 0092 ED010000 		.4byte	.LASF13
 247 0096 02       		.uleb128 0x2
 248 0097 08       		.byte	0x8
 249 0098 04       		.byte	0x4
 250 0099 1C020000 		.4byte	.LASF14
 251 009d 02       		.uleb128 0x2
 252 009e 04       		.byte	0x4
 253 009f 07       		.byte	0x7
 254 00a0 CF010000 		.4byte	.LASF15
 255 00a4 05       		.uleb128 0x5
 256 00a5 08020000 		.4byte	.LASF31
 257 00a9 01       		.byte	0x1
 258 00aa 11       		.byte	0x11
 259 00ab 00000000 		.4byte	.LFB63
 260 00af 54000000 		.4byte	.LFE63-.LFB63
 261 00b3 01       		.uleb128 0x1
 262 00b4 9C       		.byte	0x9c
 263 00b5 DE000000 		.4byte	0xde
 264 00b9 06       		.uleb128 0x6
 265 00ba 06000000 		.4byte	.LVL0
 266 00be 90010000 		.4byte	0x190
 267 00c2 06       		.uleb128 0x6
 268 00c3 3A000000 		.4byte	.LVL1
 269 00c7 9B010000 		.4byte	0x19b
 270 00cb 06       		.uleb128 0x6
 271 00cc 42000000 		.4byte	.LVL2
 272 00d0 A6010000 		.4byte	0x1a6
 273 00d4 06       		.uleb128 0x6
 274 00d5 48000000 		.4byte	.LVL3
 275 00d9 B1010000 		.4byte	0x1b1
 276 00dd 00       		.byte	0
 277 00de 07       		.uleb128 0x7
 278 00df 78010000 		.4byte	.LASF32
 279 00e3 01       		.byte	0x1
 280 00e4 20       		.byte	0x20
 281 00e5 68000000 		.4byte	0x68
 282 00e9 00000000 		.4byte	.LFB64
 283 00ed 2C000000 		.4byte	.LFE64-.LFB64
 284 00f1 01       		.uleb128 0x1
 285 00f2 9C       		.byte	0x9c
 286 00f3 4C010000 		.4byte	0x14c
 287 00f7 08       		.uleb128 0x8
 288 00f8 0A000000 		.4byte	.LVL4
 289 00fc BC010000 		.4byte	0x1bc
 290 0100 0E010000 		.4byte	0x10e
 291 0104 09       		.uleb128 0x9
 292 0105 01       		.uleb128 0x1
 293 0106 50       		.byte	0x50
 294 0107 05       		.uleb128 0x5
 295 0108 03       		.byte	0x3
 296 0109 00000000 		.4byte	InterrupRx
 297 010d 00       		.byte	0
 298 010e 06       		.uleb128 0x6
 299 010f 0E000000 		.4byte	.LVL5
 300 0113 C7010000 		.4byte	0x1c7
ARM GAS  C:\Users\jefer\AppData\Local\Temp\ccexkEbm.s 			page 7


 301 0117 06       		.uleb128 0x6
 302 0118 12000000 		.4byte	.LVL6
 303 011c D2010000 		.4byte	0x1d2
 304 0120 08       		.uleb128 0x8
 305 0121 1A000000 		.4byte	.LVL7
 306 0125 9B010000 		.4byte	0x19b
 307 0129 38010000 		.4byte	0x138
 308 012d 09       		.uleb128 0x9
 309 012e 01       		.uleb128 0x1
 310 012f 50       		.byte	0x50
 311 0130 01       		.uleb128 0x1
 312 0131 30       		.byte	0x30
 313 0132 09       		.uleb128 0x9
 314 0133 01       		.uleb128 0x1
 315 0134 51       		.byte	0x51
 316 0135 01       		.uleb128 0x1
 317 0136 30       		.byte	0x30
 318 0137 00       		.byte	0
 319 0138 0A       		.uleb128 0xa
 320 0139 20000000 		.4byte	.LVL8
 321 013d DD010000 		.4byte	0x1dd
 322 0141 09       		.uleb128 0x9
 323 0142 01       		.uleb128 0x1
 324 0143 50       		.byte	0x50
 325 0144 05       		.uleb128 0x5
 326 0145 03       		.byte	0x3
 327 0146 00000000 		.4byte	.LC0
 328 014a 00       		.byte	0
 329 014b 00       		.byte	0
 330 014c 0B       		.uleb128 0xb
 331 014d 4A010000 		.4byte	.LASF16
 332 0151 04       		.byte	0x4
 333 0152 1207     		.2byte	0x712
 334 0154 58010000 		.4byte	0x158
 335 0158 0C       		.uleb128 0xc
 336 0159 76000000 		.4byte	0x76
 337 015d 0D       		.uleb128 0xd
 338 015e 0A000000 		.4byte	.LASF17
 339 0162 01       		.byte	0x1
 340 0163 0D       		.byte	0xd
 341 0164 8F000000 		.4byte	0x8f
 342 0168 05       		.uleb128 0x5
 343 0169 03       		.byte	0x3
 344 016a 00000000 		.4byte	dato_bluetooht
 345 016e 0D       		.uleb128 0xd
 346 016f 69000000 		.4byte	.LASF18
 347 0173 01       		.byte	0x1
 348 0174 0E       		.byte	0xe
 349 0175 68000000 		.4byte	0x68
 350 0179 05       		.uleb128 0x5
 351 017a 03       		.byte	0x3
 352 017b 00000000 		.4byte	fila
 353 017f 0D       		.uleb128 0xd
 354 0180 F2010000 		.4byte	.LASF19
 355 0184 01       		.byte	0x1
 356 0185 0F       		.byte	0xf
 357 0186 68000000 		.4byte	0x68
ARM GAS  C:\Users\jefer\AppData\Local\Temp\ccexkEbm.s 			page 8


 358 018a 05       		.uleb128 0x5
 359 018b 03       		.byte	0x3
 360 018c 00000000 		.4byte	columna
 361 0190 0E       		.uleb128 0xe
 362 0191 34020000 		.4byte	.LASF20
 363 0195 34020000 		.4byte	.LASF20
 364 0199 05       		.byte	0x5
 365 019a 71       		.byte	0x71
 366 019b 0E       		.uleb128 0xe
 367 019c A1010000 		.4byte	.LASF21
 368 01a0 A1010000 		.4byte	.LASF21
 369 01a4 06       		.byte	0x6
 370 01a5 3D       		.byte	0x3d
 371 01a6 0E       		.uleb128 0xe
 372 01a7 AE010000 		.4byte	.LASF22
 373 01ab AE010000 		.4byte	.LASF22
 374 01af 06       		.byte	0x6
 375 01b0 3E       		.byte	0x3e
 376 01b1 0E       		.uleb128 0xe
 377 01b2 C2010000 		.4byte	.LASF23
 378 01b6 C2010000 		.4byte	.LASF23
 379 01ba 05       		.byte	0x5
 380 01bb 8A       		.byte	0x8a
 381 01bc 0E       		.uleb128 0xe
 382 01bd FA010000 		.4byte	.LASF24
 383 01c1 FA010000 		.4byte	.LASF24
 384 01c5 07       		.byte	0x7
 385 01c6 18       		.byte	0x18
 386 01c7 0E       		.uleb128 0xe
 387 01c8 3F010000 		.4byte	.LASF25
 388 01cc 3F010000 		.4byte	.LASF25
 389 01d0 05       		.byte	0x5
 390 01d1 54       		.byte	0x54
 391 01d2 0E       		.uleb128 0xe
 392 01d3 74000000 		.4byte	.LASF26
 393 01d7 74000000 		.4byte	.LASF26
 394 01db 06       		.byte	0x6
 395 01dc 38       		.byte	0x38
 396 01dd 0E       		.uleb128 0xe
 397 01de 68010000 		.4byte	.LASF27
 398 01e2 68010000 		.4byte	.LASF27
 399 01e6 06       		.byte	0x6
 400 01e7 3C       		.byte	0x3c
 401 01e8 00       		.byte	0
 402              		.section	.debug_abbrev,"",%progbits
 403              	.Ldebug_abbrev0:
 404 0000 01       		.uleb128 0x1
 405 0001 11       		.uleb128 0x11
 406 0002 01       		.byte	0x1
 407 0003 25       		.uleb128 0x25
 408 0004 0E       		.uleb128 0xe
 409 0005 13       		.uleb128 0x13
 410 0006 0B       		.uleb128 0xb
 411 0007 03       		.uleb128 0x3
 412 0008 0E       		.uleb128 0xe
 413 0009 1B       		.uleb128 0x1b
 414 000a 0E       		.uleb128 0xe
ARM GAS  C:\Users\jefer\AppData\Local\Temp\ccexkEbm.s 			page 9


 415 000b 55       		.uleb128 0x55
 416 000c 17       		.uleb128 0x17
 417 000d 11       		.uleb128 0x11
 418 000e 01       		.uleb128 0x1
 419 000f 10       		.uleb128 0x10
 420 0010 17       		.uleb128 0x17
 421 0011 00       		.byte	0
 422 0012 00       		.byte	0
 423 0013 02       		.uleb128 0x2
 424 0014 24       		.uleb128 0x24
 425 0015 00       		.byte	0
 426 0016 0B       		.uleb128 0xb
 427 0017 0B       		.uleb128 0xb
 428 0018 3E       		.uleb128 0x3e
 429 0019 0B       		.uleb128 0xb
 430 001a 03       		.uleb128 0x3
 431 001b 0E       		.uleb128 0xe
 432 001c 00       		.byte	0
 433 001d 00       		.byte	0
 434 001e 03       		.uleb128 0x3
 435 001f 16       		.uleb128 0x16
 436 0020 00       		.byte	0
 437 0021 03       		.uleb128 0x3
 438 0022 0E       		.uleb128 0xe
 439 0023 3A       		.uleb128 0x3a
 440 0024 0B       		.uleb128 0xb
 441 0025 3B       		.uleb128 0x3b
 442 0026 0B       		.uleb128 0xb
 443 0027 49       		.uleb128 0x49
 444 0028 13       		.uleb128 0x13
 445 0029 00       		.byte	0
 446 002a 00       		.byte	0
 447 002b 04       		.uleb128 0x4
 448 002c 24       		.uleb128 0x24
 449 002d 00       		.byte	0
 450 002e 0B       		.uleb128 0xb
 451 002f 0B       		.uleb128 0xb
 452 0030 3E       		.uleb128 0x3e
 453 0031 0B       		.uleb128 0xb
 454 0032 03       		.uleb128 0x3
 455 0033 08       		.uleb128 0x8
 456 0034 00       		.byte	0
 457 0035 00       		.byte	0
 458 0036 05       		.uleb128 0x5
 459 0037 2E       		.uleb128 0x2e
 460 0038 01       		.byte	0x1
 461 0039 3F       		.uleb128 0x3f
 462 003a 19       		.uleb128 0x19
 463 003b 03       		.uleb128 0x3
 464 003c 0E       		.uleb128 0xe
 465 003d 3A       		.uleb128 0x3a
 466 003e 0B       		.uleb128 0xb
 467 003f 3B       		.uleb128 0x3b
 468 0040 0B       		.uleb128 0xb
 469 0041 27       		.uleb128 0x27
 470 0042 19       		.uleb128 0x19
 471 0043 11       		.uleb128 0x11
ARM GAS  C:\Users\jefer\AppData\Local\Temp\ccexkEbm.s 			page 10


 472 0044 01       		.uleb128 0x1
 473 0045 12       		.uleb128 0x12
 474 0046 06       		.uleb128 0x6
 475 0047 40       		.uleb128 0x40
 476 0048 18       		.uleb128 0x18
 477 0049 9742     		.uleb128 0x2117
 478 004b 19       		.uleb128 0x19
 479 004c 01       		.uleb128 0x1
 480 004d 13       		.uleb128 0x13
 481 004e 00       		.byte	0
 482 004f 00       		.byte	0
 483 0050 06       		.uleb128 0x6
 484 0051 898201   		.uleb128 0x4109
 485 0054 00       		.byte	0
 486 0055 11       		.uleb128 0x11
 487 0056 01       		.uleb128 0x1
 488 0057 31       		.uleb128 0x31
 489 0058 13       		.uleb128 0x13
 490 0059 00       		.byte	0
 491 005a 00       		.byte	0
 492 005b 07       		.uleb128 0x7
 493 005c 2E       		.uleb128 0x2e
 494 005d 01       		.byte	0x1
 495 005e 3F       		.uleb128 0x3f
 496 005f 19       		.uleb128 0x19
 497 0060 03       		.uleb128 0x3
 498 0061 0E       		.uleb128 0xe
 499 0062 3A       		.uleb128 0x3a
 500 0063 0B       		.uleb128 0xb
 501 0064 3B       		.uleb128 0x3b
 502 0065 0B       		.uleb128 0xb
 503 0066 27       		.uleb128 0x27
 504 0067 19       		.uleb128 0x19
 505 0068 49       		.uleb128 0x49
 506 0069 13       		.uleb128 0x13
 507 006a 8701     		.uleb128 0x87
 508 006c 19       		.uleb128 0x19
 509 006d 11       		.uleb128 0x11
 510 006e 01       		.uleb128 0x1
 511 006f 12       		.uleb128 0x12
 512 0070 06       		.uleb128 0x6
 513 0071 40       		.uleb128 0x40
 514 0072 18       		.uleb128 0x18
 515 0073 9742     		.uleb128 0x2117
 516 0075 19       		.uleb128 0x19
 517 0076 01       		.uleb128 0x1
 518 0077 13       		.uleb128 0x13
 519 0078 00       		.byte	0
 520 0079 00       		.byte	0
 521 007a 08       		.uleb128 0x8
 522 007b 898201   		.uleb128 0x4109
 523 007e 01       		.byte	0x1
 524 007f 11       		.uleb128 0x11
 525 0080 01       		.uleb128 0x1
 526 0081 31       		.uleb128 0x31
 527 0082 13       		.uleb128 0x13
 528 0083 01       		.uleb128 0x1
ARM GAS  C:\Users\jefer\AppData\Local\Temp\ccexkEbm.s 			page 11


 529 0084 13       		.uleb128 0x13
 530 0085 00       		.byte	0
 531 0086 00       		.byte	0
 532 0087 09       		.uleb128 0x9
 533 0088 8A8201   		.uleb128 0x410a
 534 008b 00       		.byte	0
 535 008c 02       		.uleb128 0x2
 536 008d 18       		.uleb128 0x18
 537 008e 9142     		.uleb128 0x2111
 538 0090 18       		.uleb128 0x18
 539 0091 00       		.byte	0
 540 0092 00       		.byte	0
 541 0093 0A       		.uleb128 0xa
 542 0094 898201   		.uleb128 0x4109
 543 0097 01       		.byte	0x1
 544 0098 11       		.uleb128 0x11
 545 0099 01       		.uleb128 0x1
 546 009a 31       		.uleb128 0x31
 547 009b 13       		.uleb128 0x13
 548 009c 00       		.byte	0
 549 009d 00       		.byte	0
 550 009e 0B       		.uleb128 0xb
 551 009f 34       		.uleb128 0x34
 552 00a0 00       		.byte	0
 553 00a1 03       		.uleb128 0x3
 554 00a2 0E       		.uleb128 0xe
 555 00a3 3A       		.uleb128 0x3a
 556 00a4 0B       		.uleb128 0xb
 557 00a5 3B       		.uleb128 0x3b
 558 00a6 05       		.uleb128 0x5
 559 00a7 49       		.uleb128 0x49
 560 00a8 13       		.uleb128 0x13
 561 00a9 3F       		.uleb128 0x3f
 562 00aa 19       		.uleb128 0x19
 563 00ab 3C       		.uleb128 0x3c
 564 00ac 19       		.uleb128 0x19
 565 00ad 00       		.byte	0
 566 00ae 00       		.byte	0
 567 00af 0C       		.uleb128 0xc
 568 00b0 35       		.uleb128 0x35
 569 00b1 00       		.byte	0
 570 00b2 49       		.uleb128 0x49
 571 00b3 13       		.uleb128 0x13
 572 00b4 00       		.byte	0
 573 00b5 00       		.byte	0
 574 00b6 0D       		.uleb128 0xd
 575 00b7 34       		.uleb128 0x34
 576 00b8 00       		.byte	0
 577 00b9 03       		.uleb128 0x3
 578 00ba 0E       		.uleb128 0xe
 579 00bb 3A       		.uleb128 0x3a
 580 00bc 0B       		.uleb128 0xb
 581 00bd 3B       		.uleb128 0x3b
 582 00be 0B       		.uleb128 0xb
 583 00bf 49       		.uleb128 0x49
 584 00c0 13       		.uleb128 0x13
 585 00c1 3F       		.uleb128 0x3f
ARM GAS  C:\Users\jefer\AppData\Local\Temp\ccexkEbm.s 			page 12


 586 00c2 19       		.uleb128 0x19
 587 00c3 02       		.uleb128 0x2
 588 00c4 18       		.uleb128 0x18
 589 00c5 00       		.byte	0
 590 00c6 00       		.byte	0
 591 00c7 0E       		.uleb128 0xe
 592 00c8 2E       		.uleb128 0x2e
 593 00c9 00       		.byte	0
 594 00ca 3F       		.uleb128 0x3f
 595 00cb 19       		.uleb128 0x19
 596 00cc 3C       		.uleb128 0x3c
 597 00cd 19       		.uleb128 0x19
 598 00ce 6E       		.uleb128 0x6e
 599 00cf 0E       		.uleb128 0xe
 600 00d0 03       		.uleb128 0x3
 601 00d1 0E       		.uleb128 0xe
 602 00d2 3A       		.uleb128 0x3a
 603 00d3 0B       		.uleb128 0xb
 604 00d4 3B       		.uleb128 0x3b
 605 00d5 0B       		.uleb128 0xb
 606 00d6 00       		.byte	0
 607 00d7 00       		.byte	0
 608 00d8 00       		.byte	0
 609              		.section	.debug_aranges,"",%progbits
 610 0000 24000000 		.4byte	0x24
 611 0004 0200     		.2byte	0x2
 612 0006 00000000 		.4byte	.Ldebug_info0
 613 000a 04       		.byte	0x4
 614 000b 00       		.byte	0
 615 000c 0000     		.2byte	0
 616 000e 0000     		.2byte	0
 617 0010 00000000 		.4byte	.LFB63
 618 0014 54000000 		.4byte	.LFE63-.LFB63
 619 0018 00000000 		.4byte	.LFB64
 620 001c 2C000000 		.4byte	.LFE64-.LFB64
 621 0020 00000000 		.4byte	0
 622 0024 00000000 		.4byte	0
 623              		.section	.debug_ranges,"",%progbits
 624              	.Ldebug_ranges0:
 625 0000 00000000 		.4byte	.LFB63
 626 0004 54000000 		.4byte	.LFE63
 627 0008 00000000 		.4byte	.LFB64
 628 000c 2C000000 		.4byte	.LFE64
 629 0010 00000000 		.4byte	0
 630 0014 00000000 		.4byte	0
 631              		.section	.debug_line,"",%progbits
 632              	.Ldebug_line0:
 633 0000 91010000 		.section	.debug_str,"MS",%progbits,1
 633      02005D01 
 633      00000201 
 633      FB0E0D00 
 633      01010101 
 634              	.LASF9:
 635 0000 5F5F696E 		.ascii	"__int32_t\000"
 635      7433325F 
 635      7400
 636              	.LASF17:
ARM GAS  C:\Users\jefer\AppData\Local\Temp\ccexkEbm.s 			page 13


 637 000a 6461746F 		.ascii	"dato_bluetooht\000"
 637      5F626C75 
 637      65746F6F 
 637      687400
 638              	.LASF30:
 639 0019 433A5C55 		.ascii	"C:\\Users\\jefer\\OneDrive\\Documentos\\PSoC Creato"
 639      73657273 
 639      5C6A6566 
 639      65725C4F 
 639      6E654472 
 640 0047 725C6D6F 		.ascii	"r\\modulo_bluetooht\\Design01.cydsn\000"
 640      64756C6F 
 640      5F626C75 
 640      65746F6F 
 640      68745C44 
 641              	.LASF18:
 642 0069 66696C61 		.ascii	"fila\000"
 642      00
 643              	.LASF11:
 644 006e 666C6F61 		.ascii	"float\000"
 644      7400
 645              	.LASF26:
 646 0074 4C43445F 		.ascii	"LCD_Start\000"
 646      53746172 
 646      7400
 647              	.LASF1:
 648 007e 756E7369 		.ascii	"unsigned char\000"
 648      676E6564 
 648      20636861 
 648      7200
 649              	.LASF28:
 650 008c 474E5520 		.ascii	"GNU C11 5.4.1 20160609 (release) [ARM/embedded-5-br"
 650      43313120 
 650      352E342E 
 650      31203230 
 650      31363036 
 651 00bf 616E6368 		.ascii	"anch revision 237715] -mcpu=cortex-m3 -mthumb -g -O"
 651      20726576 
 651      6973696F 
 651      6E203233 
 651      37373135 
 652 00f2 67202D66 		.ascii	"g -ffunction-sections -ffat-lto-objects\000"
 652      66756E63 
 652      74696F6E 
 652      2D736563 
 652      74696F6E 
 653              	.LASF5:
 654 011a 6C6F6E67 		.ascii	"long unsigned int\000"
 654      20756E73 
 654      69676E65 
 654      6420696E 
 654      7400
 655              	.LASF3:
 656 012c 73686F72 		.ascii	"short unsigned int\000"
 656      7420756E 
 656      7369676E 
 656      65642069 
ARM GAS  C:\Users\jefer\AppData\Local\Temp\ccexkEbm.s 			page 14


 656      6E7400
 657              	.LASF25:
 658 013f 55415254 		.ascii	"UART_Start\000"
 658      5F537461 
 658      727400
 659              	.LASF16:
 660 014a 49544D5F 		.ascii	"ITM_RxBuffer\000"
 660      52784275 
 660      66666572 
 660      00
 661              	.LASF12:
 662 0157 646F7562 		.ascii	"double\000"
 662      6C6500
 663              	.LASF2:
 664 015e 73686F72 		.ascii	"short int\000"
 664      7420696E 
 664      7400
 665              	.LASF27:
 666 0168 4C43445F 		.ascii	"LCD_PrintString\000"
 666      5072696E 
 666      74537472 
 666      696E6700 
 667              	.LASF32:
 668 0178 6D61696E 		.ascii	"main\000"
 668      00
 669              	.LASF8:
 670 017d 756E7369 		.ascii	"unsigned int\000"
 670      676E6564 
 670      20696E74 
 670      00
 671              	.LASF7:
 672 018a 6C6F6E67 		.ascii	"long long unsigned int\000"
 672      206C6F6E 
 672      6720756E 
 672      7369676E 
 672      65642069 
 673              	.LASF21:
 674 01a1 4C43445F 		.ascii	"LCD_Position\000"
 674      506F7369 
 674      74696F6E 
 674      00
 675              	.LASF22:
 676 01ae 4C43445F 		.ascii	"LCD_PutChar\000"
 676      50757443 
 676      68617200 
 677              	.LASF10:
 678 01ba 696E7433 		.ascii	"int32_t\000"
 678      325F7400 
 679              	.LASF23:
 680 01c2 55415254 		.ascii	"UART_PutChar\000"
 680      5F507574 
 680      43686172 
 680      00
 681              	.LASF15:
 682 01cf 73697A65 		.ascii	"sizetype\000"
 682      74797065 
 682      00
ARM GAS  C:\Users\jefer\AppData\Local\Temp\ccexkEbm.s 			page 15


 683              	.LASF6:
 684 01d8 6C6F6E67 		.ascii	"long long int\000"
 684      206C6F6E 
 684      6720696E 
 684      7400
 685              	.LASF29:
 686 01e6 6D61696E 		.ascii	"main.c\000"
 686      2E6300
 687              	.LASF13:
 688 01ed 63686172 		.ascii	"char\000"
 688      00
 689              	.LASF19:
 690 01f2 636F6C75 		.ascii	"columna\000"
 690      6D6E6100 
 691              	.LASF24:
 692 01fa 69737252 		.ascii	"isrRX_StartEx\000"
 692      585F5374 
 692      61727445 
 692      7800
 693              	.LASF31:
 694 0208 496E7465 		.ascii	"InterrupRx\000"
 694      72727570 
 694      527800
 695              	.LASF4:
 696 0213 6C6F6E67 		.ascii	"long int\000"
 696      20696E74 
 696      00
 697              	.LASF14:
 698 021c 6C6F6E67 		.ascii	"long double\000"
 698      20646F75 
 698      626C6500 
 699              	.LASF0:
 700 0228 7369676E 		.ascii	"signed char\000"
 700      65642063 
 700      68617200 
 701              	.LASF20:
 702 0234 55415254 		.ascii	"UART_GetChar\000"
 702      5F476574 
 702      43686172 
 702      00
 703              		.ident	"GCC: (GNU Tools for ARM Embedded Processors) 5.4.1 20160609 (release) [ARM/embedded-5-bran
